#
# There is insufficient memory for the Java Runtime Environment to continue.
# Native memory allocation (mmap) failed to map 65536 bytes for Failed to commit metaspace.
# Possible reasons:
#   The system is out of physical RAM or swap space
#   The process is running with CompressedOops enabled, and the Java Heap may be blocking the growth of the native heap
# Possible solutions:
#   Reduce memory load on the system
#   Increase physical memory or swap space
#   Check if swap backing store is full
#   Decrease Java heap size (-Xmx/-Xms)
#   Decrease number of Java threads
#   Decrease Java thread stack sizes (-Xss)
#   Set larger code cache with -XX:ReservedCodeCacheSize=
#   JVM is running with Unscaled Compressed Oops mode in which the Java heap is
#     placed in the first 4GB address space. The Java Heap base address is the
#     maximum limit for the native heap growth. Please use -XX:HeapBaseMinAddress
#     to set the Java Heap base and to place the Java Heap above 4GB virtual address.
# This output file may be truncated or incomplete.
#
#  Out of Memory Error (virtualSpaceNode.cpp:110), pid=5560, tid=15352
#
# JRE version: Java(TM) SE Runtime Environment (20.0.2+9) (build 20.0.2+9-78)
# Java VM: Java HotSpot(TM) 64-Bit Server VM (20.0.2+9-78, mixed mode, sharing, tiered, compressed oops, compressed class ptrs, g1 gc, windows-amd64)
# No core dump will be written. Minidumps are not enabled by default on client versions of Windows
#

---------------  S U M M A R Y ------------

Command Line: -Dfile.encoding=UTF-8 --module-path=C:\Users\acer\Desktop\Java Project\Bank Management System\build\classes bank.management.system.Login

Host: AMD Ryzen 5 4500U with Radeon Graphics         , 6 cores, 7G,  Windows 11 , 64 bit Build 22621 (10.0.22621.2506)
Time: Wed Dec 27 17:00:55 2023 Nepal Standard Time elapsed time: 0.806502 seconds (0d 0h 0m 0s)

---------------  T H R E A D  ---------------

Current thread (0x000001281c89f620):  JavaThread "AWT-EventQueue-0" [_thread_in_vm, id=15352, stack(0x000000161d100000,0x000000161d200000)]

Stack: [0x000000161d100000,0x000000161d200000]
Native frames: (J=compiled Java code, j=interpreted, Vv=VM code, C=native code)
V  [jvm.dll+0x6bc25a]
V  [jvm.dll+0x84971a]
V  [jvm.dll+0x84b315]
V  [jvm.dll+0x84ba13]
V  [jvm.dll+0x280e4f]
V  [jvm.dll+0x84565b]
V  [jvm.dll+0x660616]
V  [jvm.dll+0x66067a]
V  [jvm.dll+0x662f53]
V  [jvm.dll+0x662e1e]
V  [jvm.dll+0x66102e]
V  [jvm.dll+0x26c9df]
V  [jvm.dll+0x66b665]
V  [jvm.dll+0x21b712]
V  [jvm.dll+0x21bc45]
V  [jvm.dll+0x21c631]
V  [jvm.dll+0x211a50]
V  [jvm.dll+0x59c7cc]
V  [jvm.dll+0x22303a]
V  [jvm.dll+0x7c38c4]
V  [jvm.dll+0x7c4a0f]
V  [jvm.dll+0x7c4fbf]
V  [jvm.dll+0x7c4c68]
V  [jvm.dll+0x2705bb]
V  [jvm.dll+0x3d89fe]
C  0x00000127c9f4f8f4

Java frames: (J=compiled Java code, j=interpreted, Vv=VM code)
j  sun.awt.image.BufferedImageGraphicsConfig.<init>(Ljava/awt/image/BufferedImage;Ljava/awt/Component;DD)V+9 java.desktop@20.0.2
j  sun.awt.image.BufferedImageGraphicsConfig.getConfig(Ljava/awt/image/BufferedImage;DD)Lsun/awt/image/BufferedImageGraphicsConfig;+84 java.desktop@20.0.2
j  sun.awt.image.BufImgSurfaceData.getDeviceConfiguration()Ljava/awt/GraphicsConfiguration;+20 java.desktop@20.0.2
j  sun.java2d.SunGraphics2D.getDeviceConfiguration()Ljava/awt/GraphicsConfiguration;+4 java.desktop@20.0.2
j  sun.java2d.SunGraphics2D.getDefaultTransform()Ljava/awt/geom/AffineTransform;+1 java.desktop@20.0.2
j  sun.java2d.SunGraphics2D.<init>(Lsun/java2d/SurfaceData;Ljava/awt/Color;Ljava/awt/Color;Ljava/awt/Font;)V+97 java.desktop@20.0.2
j  sun.awt.image.SunVolatileImage.createGraphics()Ljava/awt/Graphics2D;+23 java.desktop@20.0.2
j  sun.awt.image.VolatileSurfaceManager.initContents()V+11 java.desktop@20.0.2
j  sun.java2d.d3d.D3DVolatileSurfaceManager.initContents()V+12 java.desktop@20.0.2
j  sun.awt.image.SunVolatileImage.<init>(Ljava/awt/Component;Ljava/awt/GraphicsConfiguration;IILjava/lang/Object;ILjava/awt/ImageCapabilities;I)V+126 java.desktop@20.0.2
j  sun.awt.image.SunVolatileImage.<init>(Ljava/awt/GraphicsConfiguration;IIILjava/awt/ImageCapabilities;)V+11 java.desktop@20.0.2
j  java.awt.GraphicsConfiguration.createCompatibleVolatileImage(IILjava/awt/ImageCapabilities;I)Ljava/awt/image/VolatileImage;+10 java.desktop@20.0.2
j  java.awt.GraphicsConfiguration.createCompatibleVolatileImage(III)Ljava/awt/image/VolatileImage;+8 java.desktop@20.0.2
j  javax.swing.RepaintManager.getVolatileOffscreenBuffer(Ljava/awt/Component;II)Ljava/awt/Image;+226 java.desktop@20.0.2
j  javax.swing.RepaintManager$PaintManager.paint(Ljavax/swing/JComponent;Ljavax/swing/JComponent;Ljava/awt/Graphics;IIII)Z+35 java.desktop@20.0.2
j  javax.swing.RepaintManager.paint(Ljavax/swing/JComponent;Ljavax/swing/JComponent;Ljava/awt/Graphics;IIII)V+52 java.desktop@20.0.2
j  javax.swing.JComponent.paint(Ljava/awt/Graphics;)V+221 java.desktop@20.0.2
j  java.awt.GraphicsCallback$PaintCallback.run(Ljava/awt/Component;Ljava/awt/Graphics;)V+2 java.desktop@20.0.2
j  sun.awt.SunGraphicsCallback.runOneComponent(Ljava/awt/Component;Ljava/awt/Rectangle;Ljava/awt/Graphics;Ljava/awt/Shape;I)V+130 java.desktop@20.0.2
j  sun.awt.SunGraphicsCallback.runComponents([Ljava/awt/Component;Ljava/awt/Graphics;I)V+157 java.desktop@20.0.2
j  java.awt.Container.paint(Ljava/awt/Graphics;)V+58 java.desktop@20.0.2
j  java.awt.Window.paint(Ljava/awt/Graphics;)V+68 java.desktop@20.0.2
j  javax.swing.RepaintManager$4.run()Ljava/lang/Void;+142 java.desktop@20.0.2
j  javax.swing.RepaintManager$4.run()Ljava/lang/Object;+1 java.desktop@20.0.2
J 736 c1 java.security.AccessController.doPrivileged(Ljava/security/PrivilegedAction;Ljava/security/AccessControlContext;)Ljava/lang/Object; java.base@20.0.2 (17 bytes) @ 0x00000127c2b062c4 [0x00000127c2b060e0+0x00000000000001e4]
j  java.security.ProtectionDomain$JavaSecurityAccessImpl.doIntersectionPrivilege(Ljava/security/PrivilegedAction;Ljava/security/AccessControlContext;Ljava/security/AccessControlContext;)Ljava/lang/Object;+18 java.base@20.0.2
j  javax.swing.RepaintManager.paintDirtyRegions(Ljava/util/Map;)V+154 java.desktop@20.0.2
j  javax.swing.RepaintManager.paintDirtyRegions()V+46 java.desktop@20.0.2
j  javax.swing.RepaintManager.prePaintDirtyRegions()V+73 java.desktop@20.0.2
j  javax.swing.RepaintManager$ProcessingRunnable.run()V+37 java.desktop@20.0.2
j  java.awt.event.InvocationEvent.dispatch()V+47 java.desktop@20.0.2
j  java.awt.EventQueue.dispatchEventImpl(Ljava/awt/AWTEvent;Ljava/lang/Object;)V+21 java.desktop@20.0.2
j  java.awt.EventQueue$4.run()Ljava/lang/Void;+32 java.desktop@20.0.2
j  java.awt.EventQueue$4.run()Ljava/lang/Object;+1 java.desktop@20.0.2
J 736 c1 java.security.AccessController.doPrivileged(Ljava/security/PrivilegedAction;Ljava/security/AccessControlContext;)Ljava/lang/Object; java.base@20.0.2 (17 bytes) @ 0x00000127c2b062c4 [0x00000127c2b060e0+0x00000000000001e4]
j  java.security.ProtectionDomain$JavaSecurityAccessImpl.doIntersectionPrivilege(Ljava/security/PrivilegedAction;Ljava/security/AccessControlContext;Ljava/security/AccessControlContext;)Ljava/lang/Object;+18 java.base@20.0.2
j  java.awt.EventQueue.dispatchEvent(Ljava/awt/AWTEvent;)V+46 java.desktop@20.0.2
j  java.awt.EventDispatchThread.pumpOneEventForFilters(I)V+81 java.desktop@20.0.2
j  java.awt.EventDispatchThread.pumpEventsForFilter(ILjava/awt/Conditional;Ljava/awt/EventFilter;)V+35 java.desktop@20.0.2
j  java.awt.EventDispatchThread.pumpEventsForHierarchy(ILjava/awt/Conditional;Ljava/awt/Component;)V+11 java.desktop@20.0.2
j  java.awt.EventDispatchThread.pumpEvents(ILjava/awt/Conditional;)V+4 java.desktop@20.0.2
j  java.awt.EventDispatchThread.pumpEvents(Ljava/awt/Conditional;)V+3 java.desktop@20.0.2
j  java.awt.EventDispatchThread.run()V+9 java.desktop@20.0.2
v  ~StubRoutines::call_stub 0x00000127c9f2100d

Compiled method (c1)     826  736       3       java.security.AccessController::doPrivileged (17 bytes)
 total in heap  [0x00000127c2b05f10,0x00000127c2b06630] = 1824
 relocation     [0x00000127c2b06058,0x00000127c2b060e0] = 136
 main code      [0x00000127c2b060e0,0x00000127c2b06428] = 840
 stub code      [0x00000127c2b06428,0x00000127c2b064a0] = 120
 metadata       [0x00000127c2b064a0,0x00000127c2b064b8] = 24
 scopes data    [0x00000127c2b064b8,0x00000127c2b06568] = 176
 scopes pcs     [0x00000127c2b06568,0x00000127c2b06618] = 176
 dependencies   [0x00000127c2b06618,0x00000127c2b06620] = 8
 nul chk table  [0x00000127c2b06620,0x00000127c2b06630] = 16

[Constant Pool (empty)]

[MachCode]
[Verified Entry Point]
  # {method} {0x00000127d70738d0} 'doPrivileged' '(Ljava/security/PrivilegedAction;Ljava/security/AccessControlContext;)Ljava/lang/Object;' in 'java/security/AccessController'
  # parm0:    rdx:rdx   = 'java/security/PrivilegedAction'
  # parm1:    r8:r8     = 'java/security/AccessControlContext'
  #           [sp+0x80]  (sp of caller)
  0x00000127c2b060e0: 8984 2400 | 80ff ff55 | 4883 ec70 | 4181 7f20 | 0100 0000 

  0x00000127c2b060f4: ;   {runtime_call StubRoutines (2)}
  0x00000127c2b060f4: 7405 e8e5 

  0x00000127c2b060f8: ;   {metadata(method data for {method} {0x00000127d70738d0} 'doPrivileged' '(Ljava/security/PrivilegedAction;Ljava/security/AccessControlContext;)Ljava/lang/Object;' in 'java/security/AccessController')}
  0x00000127c2b060f8: 2546 0748 | be90 c712 | 1828 0100 | 008b becc | 0000 0083 | c702 89be | cc00 0000 | 81e7 fe07 
  0x00000127c2b06118: 0000 83ff | 000f 843d | 0200 004c | 8944 2440 | 4889 5424 

  0x00000127c2b0612c: ;   {metadata(method data for {method} {0x00000127d70738d0} 'doPrivileged' '(Ljava/security/PrivilegedAction;Ljava/security/AccessControlContext;)Ljava/lang/Object;' in 'java/security/AccessController')}
  0x00000127c2b0612c: 4848 be90 | c712 1828 | 0100 0048 | 8386 1001 

  0x00000127c2b0613c: ;   {static_call}
  0x00000127c2b0613c: 0000 01e8 

  0x00000127c2b06140: ; ImmutableOopMap {[64]=Oop [72]=Oop }
                      ;*invokestatic getCallerClass {reexecute=0 rethrow=0 return_oop=0}
                      ; - java.security.AccessController::doPrivileged@0 (line 398)
  0x00000127c2b06140: fcd3 9e07 

  0x00000127c2b06144: ;   {metadata(method data for {method} {0x00000127d70738d0} 'doPrivileged' '(Ljava/security/PrivilegedAction;Ljava/security/AccessControlContext;)Ljava/lang/Object;' in 'java/security/AccessController')}
  0x00000127c2b06144: 48ba 90c7 | 1218 2801 | 0000 4883 | 8220 0100 | 0001 488b | 5424 404c | 8bc0 4889 | 4424 500f 
  0x00000127c2b06164: ;   {static_call}
  0x00000127c2b06164: 1f40 00e8 

  0x00000127c2b06168: ; ImmutableOopMap {[72]=Oop [80]=Oop }
                      ;*invokestatic checkContext {reexecute=0 rethrow=0 return_oop=0}
                      ; - java.security.AccessController::doPrivileged@6 (line 399)
  0x00000127c2b06168: b4b6 ffff | 4889 4424 

  0x00000127c2b06170: ;   {metadata(method data for {method} {0x00000127d70738d0} 'doPrivileged' '(Ljava/security/PrivilegedAction;Ljava/security/AccessControlContext;)Ljava/lang/Object;' in 'java/security/AccessController')}
  0x00000127c2b06170: 5848 ba90 | c712 1828 | 0100 0048 | 8382 3001 

  0x00000127c2b06180: ;   {metadata(method data for {method} {0x00000127d7073b58} 'executePrivileged' '(Ljava/security/PrivilegedAction;Ljava/security/AccessControlContext;Ljava/lang/Class;)Ljava/lang/Object;' in 'java/security/AccessController')}
  0x00000127c2b06180: 0000 0148 | ba78 73d0 | 1728 0100 | 008b b2cc | 0000 0083 | c602 89b2 | cc00 0000 | 81e6 feff 
  0x00000127c2b061a0: 1f00 83fe | 000f 84d6 | 0100 0048 

  0x00000127c2b061ac: ;   {metadata(method data for {method} {0x00000127d7073b58} 'executePrivileged' '(Ljava/security/PrivilegedAction;Ljava/security/AccessControlContext;Ljava/lang/Class;)Ljava/lang/Object;' in 'java/security/AccessController')}
  0x00000127c2b061ac: 83f8 0048 | ba78 73d0 | 1728 0100 | 0048 be10 | 0100 0000 | 0000 000f | 840a 0000 | 0048 be20 
  0x00000127c2b061cc: 0100 0000 | 0000 0048 | 8b3c 3248 | 8d7f 0148 | 893c 320f | 841f 0000 

  0x00000127c2b061e4: ;   {metadata(method data for {method} {0x00000127d7073b58} 'executePrivileged' '(Ljava/security/PrivilegedAction;Ljava/security/AccessControlContext;Ljava/lang/Class;)Ljava/lang/Object;' in 'java/security/AccessController')}
  0x00000127c2b061e4: 0048 ba78 | 73d0 1728 | 0100 0048 | 8382 3001 | 0000 0148 | 8bd0 0f1f 

  0x00000127c2b061fc: ;   {static_call}
  0x00000127c2b061fc: 4400 00e8 

  0x00000127c2b06200: ; ImmutableOopMap {[72]=Oop [80]=Oop [88]=Oop }
                      ;*invokestatic ensureMaterializedForStackWalk {reexecute=0 rethrow=0 return_oop=0}
                      ; - java.security.AccessController::executePrivileged@5 (line 774)
                      ; - java.security.AccessController::doPrivileged@13 (line 400)
  0x00000127c2b06200: bcec 9e07 

  0x00000127c2b06204: ;   {metadata(method data for {method} {0x00000127d7073b58} 'executePrivileged' '(Ljava/security/PrivilegedAction;Ljava/security/AccessControlContext;Ljava/lang/Class;)Ljava/lang/Object;' in 'java/security/AccessController')}
  0x00000127c2b06204: 48ba 7873 | d017 2801 | 0000 ff82 | 4001 0000 | 488b 5424 | 4848 3b02 

  0x00000127c2b0621c: ;   {metadata(method data for {method} {0x00000127d7073b58} 'executePrivileged' '(Ljava/security/PrivilegedAction;Ljava/security/AccessControlContext;Ljava/lang/Class;)Ljava/lang/Object;' in 'java/security/AccessController')}
  0x00000127c2b0621c: 488b f248 | bf78 73d0 | 1728 0100 | 008b 7608 | 49ba 0000 | c0d6 2701 | 0000 4903 | f248 3bb7 
  0x00000127c2b0623c: b001 0000 | 750d 4883 | 87b8 0100 | 0001 e960 | 0000 0048 | 3bb7 c001 | 0000 750d | 4883 87c8 
  0x00000127c2b0625c: 0100 0001 | e94a 0000 | 0048 83bf | b001 0000 | 0075 1748 | 89b7 b001 | 0000 48c7 | 87b8 0100 
  0x00000127c2b0627c: 0001 0000 | 00e9 2900 | 0000 4883 | bfc0 0100 | 0000 7517 | 4889 b7c0 | 0100 0048 | c787 c801 
  0x00000127c2b0629c: 0000 0100 | 0000 e908 | 0000 0048 | 8387 a001 | 0000 0166 | 0f1f 4400 | 0048 b8ff | ffff ffff 
  0x00000127c2b062bc: ;   {virtual_call}
  0x00000127c2b062bc: ffff ffe8 

  0x00000127c2b062c0: ; ImmutableOopMap {[80]=Oop [88]=Oop }
                      ;*invokeinterface run {reexecute=0 rethrow=0 return_oop=0}
                      ; - java.security.AccessController::executePrivileged@29 (line 778)
                      ; - java.security.AccessController::doPrivileged@13 (line 400)
  0x00000127c2b062c0: 1cc2 4707 

  0x00000127c2b062c4: ;   {metadata(method data for {method} {0x00000127d7073b58} 'executePrivileged' '(Ljava/security/PrivilegedAction;Ljava/security/AccessControlContext;Ljava/lang/Class;)Ljava/lang/Object;' in 'java/security/AccessController')}
  0x00000127c2b062c4: 48be 7873 | d017 2801 | 0000 ff86 | d801 0000 | 488b 7424 

  0x00000127c2b062d8: ;   {metadata(method data for {method} {0x00000127d7073b58} 'executePrivileged' '(Ljava/security/PrivilegedAction;Ljava/security/AccessControlContext;Ljava/lang/Class;)Ljava/lang/Object;' in 'java/security/AccessController')}
  0x00000127c2b062d8: 5048 bf78 | 73d0 1728 | 0100 0048 | 8387 3802 

  0x00000127c2b062e8: ;   {metadata(method data for {method} {0x00000127d6c3d7e0} 'reachabilityFence' '(Ljava/lang/Object;)V' in 'java/lang/ref/Reference')}
  0x00000127c2b062e8: 0000 0148 | bf40 cecd | 1728 0100 | 008b 9fcc | 0000 0083 | c302 899f | cc00 0000 | 81e3 feff 
  0x00000127c2b06308: 1f00 83fb | 000f 8494 

  0x00000127c2b06310: ;   {metadata(method data for {method} {0x00000127d7073b58} 'executePrivileged' '(Ljava/security/PrivilegedAction;Ljava/security/AccessControlContext;Ljava/lang/Class;)Ljava/lang/Object;' in 'java/security/AccessController')}
  0x00000127c2b06310: 0000 0048 | be78 73d0 | 1728 0100 | 0048 8386 | 4802 0000 

  0x00000127c2b06324: ;   {metadata(method data for {method} {0x00000127d6c3d7e0} 'reachabilityFence' '(Ljava/lang/Object;)V' in 'java/lang/ref/Reference')}
  0x00000127c2b06324: 0148 be40 | cecd 1728 | 0100 008b | becc 0000 | 0083 c702 | 89be cc00 | 0000 81e7 | feff 1f00 
  0x00000127c2b06344: 83ff 000f | 847b 0000 | 0048 83c4 

  0x00000127c2b06350: ;   {poll_return}
  0x00000127c2b06350: 705d 493b | a778 0300 | 000f 878a | 0000 00c3 

  0x00000127c2b06360: ;   {metadata({method} {0x00000127d70738d0} 'doPrivileged' '(Ljava/security/PrivilegedAction;Ljava/security/AccessControlContext;)Ljava/lang/Object;' in 'java/security/AccessController')}
  0x00000127c2b06360: 49ba c838 | 07d7 2701 | 0000 4c89 | 5424 0848 | c704 24ff 

  0x00000127c2b06374: ;   {runtime_call counter_overflow Runtime1 stub}
  0x00000127c2b06374: ffff ffe8 

  0x00000127c2b06378: ; ImmutableOopMap {rdx=Oop r8=Oop }
                      ;*synchronization entry
                      ; - java.security.AccessController::doPrivileged@-1 (line 398)
  0x00000127c2b06378: 042c 5407 | e9a2 fdff 

  0x00000127c2b06380: ;   {metadata({method} {0x00000127d7073b58} 'executePrivileged' '(Ljava/security/PrivilegedAction;Ljava/security/AccessControlContext;Ljava/lang/Class;)Ljava/lang/Object;' in 'java/security/AccessController')}
  0x00000127c2b06380: ff49 ba50 | 3b07 d727 | 0100 004c | 8954 2408 | 48c7 0424 | ffff ffff 

  0x00000127c2b06398: ;   {runtime_call counter_overflow Runtime1 stub}
  0x00000127c2b06398: e8e3 2b54 

  0x00000127c2b0639c: ; ImmutableOopMap {rax=Oop [72]=Oop [80]=Oop [88]=Oop }
                      ;*synchronization entry
                      ; - java.security.AccessController::executePrivileged@-1 (line 773)
                      ; - java.security.AccessController::doPrivileged@13 (line 400)
  0x00000127c2b0639c: 07e9 09fe 

  0x00000127c2b063a0: ;   {runtime_call throw_null_pointer_exception Runtime1 stub}
  0x00000127c2b063a0: ffff e859 

  0x00000127c2b063a4: ; ImmutableOopMap {rdx=Oop [80]=Oop [88]=Oop }
                      ;*invokeinterface run {reexecute=0 rethrow=0 return_oop=0}
                      ; - java.security.AccessController::executePrivileged@29 (line 778)
                      ; - java.security.AccessController::doPrivileged@13 (line 400)
                      ;   {metadata({method} {0x00000127d6c3d7e0} 'reachabilityFence' '(Ljava/lang/Object;)V' in 'java/lang/ref/Reference')}
  0x00000127c2b063a4: bc53 0749 | bad8 d7c3 | d627 0100 | 004c 8954 | 2408 48c7 | 0424 ffff 

  0x00000127c2b063bc: ;   {runtime_call counter_overflow Runtime1 stub}
  0x00000127c2b063bc: ffff e8bd 

  0x00000127c2b063c0: ; ImmutableOopMap {rax=Oop rsi=Oop }
                      ;*synchronization entry
                      ; - java.lang.ref.Reference::reachabilityFence@-1 (line 628)
                      ; - java.security.AccessController::executePrivileged@56 (line 783)
                      ; - java.security.AccessController::doPrivileged@13 (line 400)
  0x00000127c2b063c0: 2b54 07e9 | 4bff ffff 

  0x00000127c2b063c8: ;   {metadata({method} {0x00000127d6c3d7e0} 'reachabilityFence' '(Ljava/lang/Object;)V' in 'java/lang/ref/Reference')}
  0x00000127c2b063c8: 49ba d8d7 | c3d6 2701 | 0000 4c89 | 5424 0848 | c704 24ff 

  0x00000127c2b063dc: ;   {runtime_call counter_overflow Runtime1 stub}
  0x00000127c2b063dc: ffff ffe8 

  0x00000127c2b063e0: ; ImmutableOopMap {rax=Oop }
                      ;*synchronization entry
                      ; - java.lang.ref.Reference::reachabilityFence@-1 (line 628)
                      ; - java.security.AccessController::executePrivileged@60 (line 784)
                      ; - java.security.AccessController::doPrivileged@13 (line 400)
  0x00000127c2b063e0: 9c2b 5407 | e964 ffff 

  0x00000127c2b063e8: ;   {internal_word}
  0x00000127c2b063e8: ff49 ba52 | 63b0 c227 | 0100 004d | 8997 9003 

  0x00000127c2b063f8: ;   {runtime_call SafepointBlob}
  0x00000127c2b063f8: 0000 e981 | 4948 0749 | 8b87 2804 | 0000 49c7 | 8728 0400 | 0000 0000 | 0049 c787 | 3004 0000 
  0x00000127c2b06418: 0000 0000 | 4883 c470 

  0x00000127c2b06420: ;   {runtime_call unwind_exception Runtime1 stub}
  0x00000127c2b06420: 5de9 dab8 | 5307 f4f4 
[Stub Code]
  0x00000127c2b06428: ;   {no_reloc}
  0x00000127c2b06428: 0f1f 4400 

  0x00000127c2b0642c: ;   {static_stub}
  0x00000127c2b0642c: 0048 bb00 | 0000 0000 

  0x00000127c2b06434: ;   {runtime_call}
  0x00000127c2b06434: 0000 00e9 | fbff ffff 
[Exception Handler]
  0x00000127c2b0643c: ;   {runtime_call handle_exception_from_callee Runtime1 stub}
  0x00000127c2b0643c: e8bf ed53 

  0x00000127c2b06440: ;   {external_word}
  0x00000127c2b06440: 0748 b9b0 | 33d0 5dfe | 7f00 0048 

  0x00000127c2b0644c: ;   {runtime_call}
  0x00000127c2b0644c: 83e4 f048 | b860 1d9c | 5dfe 7f00 | 00ff d0f4 
[Deopt Handler Code]
  0x00000127c2b0645c: ;   {section_word}
  0x00000127c2b0645c: 49ba 5c64 | b0c2 2701 | 0000 4152 

  0x00000127c2b06468: ;   {runtime_call DeoptimizationBlob}
  0x00000127c2b06468: e9b3 3b48 

  0x00000127c2b0646c: ;   {static_stub}
  0x00000127c2b0646c: 0748 bb00 | 0000 0000 

  0x00000127c2b06474: ;   {runtime_call}
  0x00000127c2b06474: 0000 00e9 | fbff ffff 

  0x00000127c2b0647c: ;   {static_stub}
  0x00000127c2b0647c: 48bb 0000 | 0000 0000 

  0x00000127c2b06484: ;   {runtime_call}
  0x00000127c2b06484: 0000 e9fb 

  0x00000127c2b06488: ;   {static_stub}
  0x00000127c2b06488: ffff ff48 | bb00 0000 | 0000 0000 

  0x00000127c2b06494: ;   {runtime_call}
  0x00000127c2b06494: 00e9 fbff | ffff f4f4 | f4f4 f4f4 
[/MachCode]


---------------  P R O C E S S  ---------------

Threads class SMR info:
_java_thread_list=0x000001281c986750, length=17, elements={
0x00000127d6b7fbc0, 0x00000127d6b82970, 0x00000127d6b85730, 0x00000127d6b88ca0,
0x00000127d6b891f0, 0x00000127d6b89d50, 0x00000127d6b8cc70, 0x00000127d6b8d200,
0x000001281bdbb6f0, 0x000001281bea60f0, 0x000001281c0011e0, 0x000001281c01bf10,
0x000001281c04a5c0, 0x000001281c81e020, 0x000001281c89f620, 0x00000127ba91bd70,
0x000001281bdc9730
}

Java Threads: ( => current thread )
  0x00000127d6b7fbc0 JavaThread "Reference Handler" daemon [_thread_blocked, id=11236, stack(0x000000161b800000,0x000000161b900000)]
  0x00000127d6b82970 JavaThread "Finalizer" daemon [_thread_blocked, id=5644, stack(0x000000161b900000,0x000000161ba00000)]
  0x00000127d6b85730 JavaThread "Signal Dispatcher" daemon [_thread_blocked, id=6860, stack(0x000000161ba00000,0x000000161bb00000)]
  0x00000127d6b88ca0 JavaThread "Attach Listener" daemon [_thread_blocked, id=15504, stack(0x000000161bb00000,0x000000161bc00000)]
  0x00000127d6b891f0 JavaThread "Service Thread" daemon [_thread_blocked, id=17564, stack(0x000000161bc00000,0x000000161bd00000)]
  0x00000127d6b89d50 JavaThread "Monitor Deflation Thread" daemon [_thread_blocked, id=7572, stack(0x000000161bd00000,0x000000161be00000)]
  0x00000127d6b8cc70 JavaThread "C2 CompilerThread0" daemon [_thread_blocked, id=6308, stack(0x000000161be00000,0x000000161bf00000)]
  0x00000127d6b8d200 JavaThread "C1 CompilerThread0" daemon [_thread_blocked, id=16244, stack(0x000000161bf00000,0x000000161c000000)]
  0x000001281bdbb6f0 JavaThread "Common-Cleaner" daemon [_thread_blocked, id=18984, stack(0x000000161c000000,0x000000161c100000)]
  0x000001281bea60f0 JavaThread "Notification Thread" daemon [_thread_blocked, id=14308, stack(0x000000161c100000,0x000000161c200000)]
  0x000001281c0011e0 JavaThread "Java2D Disposer" daemon [_thread_blocked, id=2216, stack(0x000000161c300000,0x000000161c400000)]
  0x000001281c01bf10 JavaThread "AWT-Shutdown" [_thread_blocked, id=12208, stack(0x000000161c400000,0x000000161c500000)]
  0x000001281c04a5c0 JavaThread "AWT-Windows" daemon [_thread_in_vm, id=8032, stack(0x000000161c500000,0x000000161c600000)]
  0x000001281c81e020 JavaThread "Image Fetcher 0" daemon [_thread_blocked, id=14848, stack(0x000000161d000000,0x000000161d100000)]
=>0x000001281c89f620 JavaThread "AWT-EventQueue-0" [_thread_in_vm, id=15352, stack(0x000000161d100000,0x000000161d200000)]
  0x00000127ba91bd70 JavaThread "DestroyJavaVM" [_thread_blocked, id=5912, stack(0x000000161b100000,0x000000161b200000)]
  0x000001281bdc9730 JavaThread "D3D Screen Updater" daemon [_thread_blocked, id=19336, stack(0x000000161d300000,0x000000161d400000)]

Other Threads:
  0x00000127d6b67400 VMThread "VM Thread" [stack: 0x000000161b700000,0x000000161b800000] [id=12592]
  0x000001281becaa20 WatcherThread "VM Periodic Task Thread" [stack: 0x000000161c200000,0x000000161c300000] [id=17836]
  0x00000127ba977420 WorkerThread "GC Thread#0" [stack: 0x000000161b200000,0x000000161b300000] [id=7976]
  0x00000127ba986f30 ConcurrentGCThread "G1 Main Marker" [stack: 0x000000161b300000,0x000000161b400000] [id=10828]
  0x00000127ba987b00 WorkerThread "G1 Conc#0" [stack: 0x000000161b400000,0x000000161b500000] [id=13564]
  0x00000127d6a230d0 ConcurrentGCThread "G1 Refine#0" [stack: 0x000000161b500000,0x000000161b600000] [id=768]
  0x00000127d6a23b70 ConcurrentGCThread "G1 Service" [stack: 0x000000161b600000,0x000000161b700000] [id=7452]

Threads with active compile tasks:

VM state: not at safepoint (normal execution)

VM Mutex/Monitor currently owned by a thread:  ([mutex/lock_event])
[0x00000127b86ace60] Metaspace_lock - owner thread: 0x000001281c89f620

Heap address: 0x000000008a000000, size: 1888 MB, Compressed Oops mode: 32-bit

CDS archive(s) mapped at: [0x00000127d6c00000-0x00000127d7860000-0x00000127d7860000), size 12976128, SharedBaseAddress: 0x00000127d6c00000, ArchiveRelocationMode: 1.
Compressed class space mapped at: 0x00000127d7c00000-0x0000012817c00000, reserved size: 1073741824
Narrow klass base: 0x00000127d6c00000, Narrow klass shift: 0, Narrow klass range: 0x100000000

GC Precious Log:
 CardTable entry size: 512
 Card Set container configuration: InlinePtr #cards 5 size 8 Array Of Cards #cards 12 size 40 Howl #buckets 4 coarsen threshold 1843 Howl Bitmap #cards 512 size 80 coarsen threshold 460 Card regions per heap region 1 cards per card region 2048
 CPUs: 6 total, 6 available
 Memory: 7549M
 Large Page Support: Disabled
 NUMA Support: Disabled
 Compressed Oops: Enabled (32-bit)
 Heap Region Size: 1M
 Heap Min Capacity: 8M
 Heap Initial Capacity: 118M
 Heap Max Capacity: 1888M
 Pre-touch: Disabled
 Parallel Workers: 6
 Concurrent Workers: 2
 Concurrent Refinement Workers: 6
 Periodic GC: Disabled

Heap:
 garbage-first heap   total 120832K, used 11264K [0x000000008a000000, 0x0000000100000000)
  region size 1024K, 10 young (10240K), 0 survivors (0K)
 Metaspace       used 7468K, committed 7680K, reserved 1114112K
  class space    used 849K, committed 960K, reserved 1048576K

Heap Regions: E=young(eden), S=young(survivor), O=old, HS=humongous(starts), HC=humongous(continues), CS=collection set, F=free, OA=open archive, CA=closed archive, TAMS=top-at-mark-start, PB=parsable bottom
|   0|0x000000008a000000, 0x000000008a100000, 0x000000008a100000|100%|HS|  |TAMS 0x000000008a000000| PB 0x000000008a000000| Complete 
|   1|0x000000008a100000, 0x000000008a200000, 0x000000008a200000|100%|HC|  |TAMS 0x000000008a100000| PB 0x000000008a100000| Complete 
|   2|0x000000008a200000, 0x000000008a300000, 0x000000008a300000|100%|HC|  |TAMS 0x000000008a200000| PB 0x000000008a200000| Complete 
|   3|0x000000008a300000, 0x000000008a300000, 0x000000008a400000|  0%| F|  |TAMS 0x000000008a300000| PB 0x000000008a300000| Untracked 
|   4|0x000000008a400000, 0x000000008a400000, 0x000000008a500000|  0%| F|  |TAMS 0x000000008a400000| PB 0x000000008a400000| Untracked 
|   5|0x000000008a500000, 0x000000008a500000, 0x000000008a600000|  0%| F|  |TAMS 0x000000008a500000| PB 0x000000008a500000| Untracked 
|   6|0x000000008a600000, 0x000000008a600000, 0x000000008a700000|  0%| F|  |TAMS 0x000000008a600000| PB 0x000000008a600000| Untracked 
|   7|0x000000008a700000, 0x000000008a700000, 0x000000008a800000|  0%| F|  |TAMS 0x000000008a700000| PB 0x000000008a700000| Untracked 
|   8|0x000000008a800000, 0x000000008a800000, 0x000000008a900000|  0%| F|  |TAMS 0x000000008a800000| PB 0x000000008a800000| Untracked 
|   9|0x000000008a900000, 0x000000008a900000, 0x000000008aa00000|  0%| F|  |TAMS 0x000000008a900000| PB 0x000000008a900000| Untracked 
|  10|0x000000008aa00000, 0x000000008aa00000, 0x000000008ab00000|  0%| F|  |TAMS 0x000000008aa00000| PB 0x000000008aa00000| Untracked 
|  11|0x000000008ab00000, 0x000000008ab00000, 0x000000008ac00000|  0%| F|  |TAMS 0x000000008ab00000| PB 0x000000008ab00000| Untracked 
|  12|0x000000008ac00000, 0x000000008ac00000, 0x000000008ad00000|  0%| F|  |TAMS 0x000000008ac00000| PB 0x000000008ac00000| Untracked 
|  13|0x000000008ad00000, 0x000000008ad00000, 0x000000008ae00000|  0%| F|  |TAMS 0x000000008ad00000| PB 0x000000008ad00000| Untracked 
|  14|0x000000008ae00000, 0x000000008ae00000, 0x000000008af00000|  0%| F|  |TAMS 0x000000008ae00000| PB 0x000000008ae00000| Untracked 
|  15|0x000000008af00000, 0x000000008af00000, 0x000000008b000000|  0%| F|  |TAMS 0x000000008af00000| PB 0x000000008af00000| Untracked 
|  16|0x000000008b000000, 0x000000008b000000, 0x000000008b100000|  0%| F|  |TAMS 0x000000008b000000| PB 0x000000008b000000| Untracked 
|  17|0x000000008b100000, 0x000000008b100000, 0x000000008b200000|  0%| F|  |TAMS 0x000000008b100000| PB 0x000000008b100000| Untracked 
|  18|0x000000008b200000, 0x000000008b200000, 0x000000008b300000|  0%| F|  |TAMS 0x000000008b200000| PB 0x000000008b200000| Untracked 
|  19|0x000000008b300000, 0x000000008b300000, 0x000000008b400000|  0%| F|  |TAMS 0x000000008b300000| PB 0x000000008b300000| Untracked 
|  20|0x000000008b400000, 0x000000008b400000, 0x000000008b500000|  0%| F|  |TAMS 0x000000008b400000| PB 0x000000008b400000| Untracked 
|  21|0x000000008b500000, 0x000000008b500000, 0x000000008b600000|  0%| F|  |TAMS 0x000000008b500000| PB 0x000000008b500000| Untracked 
|  22|0x000000008b600000, 0x000000008b600000, 0x000000008b700000|  0%| F|  |TAMS 0x000000008b600000| PB 0x000000008b600000| Untracked 
|  23|0x000000008b700000, 0x000000008b700000, 0x000000008b800000|  0%| F|  |TAMS 0x000000008b700000| PB 0x000000008b700000| Untracked 
|  24|0x000000008b800000, 0x000000008b800000, 0x000000008b900000|  0%| F|  |TAMS 0x000000008b800000| PB 0x000000008b800000| Untracked 
|  25|0x000000008b900000, 0x000000008b900000, 0x000000008ba00000|  0%| F|  |TAMS 0x000000008b900000| PB 0x000000008b900000| Untracked 
|  26|0x000000008ba00000, 0x000000008ba00000, 0x000000008bb00000|  0%| F|  |TAMS 0x000000008ba00000| PB 0x000000008ba00000| Untracked 
|  27|0x000000008bb00000, 0x000000008bb00000, 0x000000008bc00000|  0%| F|  |TAMS 0x000000008bb00000| PB 0x000000008bb00000| Untracked 
|  28|0x000000008bc00000, 0x000000008bc00000, 0x000000008bd00000|  0%| F|  |TAMS 0x000000008bc00000| PB 0x000000008bc00000| Untracked 
|  29|0x000000008bd00000, 0x000000008bd00000, 0x000000008be00000|  0%| F|  |TAMS 0x000000008bd00000| PB 0x000000008bd00000| Untracked 
|  30|0x000000008be00000, 0x000000008be00000, 0x000000008bf00000|  0%| F|  |TAMS 0x000000008be00000| PB 0x000000008be00000| Untracked 
|  31|0x000000008bf00000, 0x000000008bf00000, 0x000000008c000000|  0%| F|  |TAMS 0x000000008bf00000| PB 0x000000008bf00000| Untracked 
|  32|0x000000008c000000, 0x000000008c000000, 0x000000008c100000|  0%| F|  |TAMS 0x000000008c000000| PB 0x000000008c000000| Untracked 
|  33|0x000000008c100000, 0x000000008c100000, 0x000000008c200000|  0%| F|  |TAMS 0x000000008c100000| PB 0x000000008c100000| Untracked 
|  34|0x000000008c200000, 0x000000008c200000, 0x000000008c300000|  0%| F|  |TAMS 0x000000008c200000| PB 0x000000008c200000| Untracked 
|  35|0x000000008c300000, 0x000000008c300000, 0x000000008c400000|  0%| F|  |TAMS 0x000000008c300000| PB 0x000000008c300000| Untracked 
|  36|0x000000008c400000, 0x000000008c400000, 0x000000008c500000|  0%| F|  |TAMS 0x000000008c400000| PB 0x000000008c400000| Untracked 
|  37|0x000000008c500000, 0x000000008c500000, 0x000000008c600000|  0%| F|  |TAMS 0x000000008c500000| PB 0x000000008c500000| Untracked 
|  38|0x000000008c600000, 0x000000008c600000, 0x000000008c700000|  0%| F|  |TAMS 0x000000008c600000| PB 0x000000008c600000| Untracked 
|  39|0x000000008c700000, 0x000000008c700000, 0x000000008c800000|  0%| F|  |TAMS 0x000000008c700000| PB 0x000000008c700000| Untracked 
|  40|0x000000008c800000, 0x000000008c800000, 0x000000008c900000|  0%| F|  |TAMS 0x000000008c800000| PB 0x000000008c800000| Untracked 
|  41|0x000000008c900000, 0x000000008c900000, 0x000000008ca00000|  0%| F|  |TAMS 0x000000008c900000| PB 0x000000008c900000| Untracked 
|  42|0x000000008ca00000, 0x000000008ca00000, 0x000000008cb00000|  0%| F|  |TAMS 0x000000008ca00000| PB 0x000000008ca00000| Untracked 
|  43|0x000000008cb00000, 0x000000008cb00000, 0x000000008cc00000|  0%| F|  |TAMS 0x000000008cb00000| PB 0x000000008cb00000| Untracked 
|  44|0x000000008cc00000, 0x000000008cc00000, 0x000000008cd00000|  0%| F|  |TAMS 0x000000008cc00000| PB 0x000000008cc00000| Untracked 
|  45|0x000000008cd00000, 0x000000008cd00000, 0x000000008ce00000|  0%| F|  |TAMS 0x000000008cd00000| PB 0x000000008cd00000| Untracked 
|  46|0x000000008ce00000, 0x000000008ce00000, 0x000000008cf00000|  0%| F|  |TAMS 0x000000008ce00000| PB 0x000000008ce00000| Untracked 
|  47|0x000000008cf00000, 0x000000008cf00000, 0x000000008d000000|  0%| F|  |TAMS 0x000000008cf00000| PB 0x000000008cf00000| Untracked 
|  48|0x000000008d000000, 0x000000008d000000, 0x000000008d100000|  0%| F|  |TAMS 0x000000008d000000| PB 0x000000008d000000| Untracked 
|  49|0x000000008d100000, 0x000000008d100000, 0x000000008d200000|  0%| F|  |TAMS 0x000000008d100000| PB 0x000000008d100000| Untracked 
|  50|0x000000008d200000, 0x000000008d200000, 0x000000008d300000|  0%| F|  |TAMS 0x000000008d200000| PB 0x000000008d200000| Untracked 
|  51|0x000000008d300000, 0x000000008d300000, 0x000000008d400000|  0%| F|  |TAMS 0x000000008d300000| PB 0x000000008d300000| Untracked 
|  52|0x000000008d400000, 0x000000008d400000, 0x000000008d500000|  0%| F|  |TAMS 0x000000008d400000| PB 0x000000008d400000| Untracked 
|  53|0x000000008d500000, 0x000000008d500000, 0x000000008d600000|  0%| F|  |TAMS 0x000000008d500000| PB 0x000000008d500000| Untracked 
|  54|0x000000008d600000, 0x000000008d600000, 0x000000008d700000|  0%| F|  |TAMS 0x000000008d600000| PB 0x000000008d600000| Untracked 
|  55|0x000000008d700000, 0x000000008d700000, 0x000000008d800000|  0%| F|  |TAMS 0x000000008d700000| PB 0x000000008d700000| Untracked 
|  56|0x000000008d800000, 0x000000008d800000, 0x000000008d900000|  0%| F|  |TAMS 0x000000008d800000| PB 0x000000008d800000| Untracked 
|  57|0x000000008d900000, 0x000000008d900000, 0x000000008da00000|  0%| F|  |TAMS 0x000000008d900000| PB 0x000000008d900000| Untracked 
|  58|0x000000008da00000, 0x000000008da00000, 0x000000008db00000|  0%| F|  |TAMS 0x000000008da00000| PB 0x000000008da00000| Untracked 
|  59|0x000000008db00000, 0x000000008db00000, 0x000000008dc00000|  0%| F|  |TAMS 0x000000008db00000| PB 0x000000008db00000| Untracked 
|  60|0x000000008dc00000, 0x000000008dc00000, 0x000000008dd00000|  0%| F|  |TAMS 0x000000008dc00000| PB 0x000000008dc00000| Untracked 
|  61|0x000000008dd00000, 0x000000008dd00000, 0x000000008de00000|  0%| F|  |TAMS 0x000000008dd00000| PB 0x000000008dd00000| Untracked 
|  62|0x000000008de00000, 0x000000008de00000, 0x000000008df00000|  0%| F|  |TAMS 0x000000008de00000| PB 0x000000008de00000| Untracked 
|  63|0x000000008df00000, 0x000000008df00000, 0x000000008e000000|  0%| F|  |TAMS 0x000000008df00000| PB 0x000000008df00000| Untracked 
|  64|0x000000008e000000, 0x000000008e000000, 0x000000008e100000|  0%| F|  |TAMS 0x000000008e000000| PB 0x000000008e000000| Untracked 
|  65|0x000000008e100000, 0x000000008e100000, 0x000000008e200000|  0%| F|  |TAMS 0x000000008e100000| PB 0x000000008e100000| Untracked 
|  66|0x000000008e200000, 0x000000008e200000, 0x000000008e300000|  0%| F|  |TAMS 0x000000008e200000| PB 0x000000008e200000| Untracked 
|  67|0x000000008e300000, 0x000000008e300000, 0x000000008e400000|  0%| F|  |TAMS 0x000000008e300000| PB 0x000000008e300000| Untracked 
|  68|0x000000008e400000, 0x000000008e400000, 0x000000008e500000|  0%| F|  |TAMS 0x000000008e400000| PB 0x000000008e400000| Untracked 
|  69|0x000000008e500000, 0x000000008e500000, 0x000000008e600000|  0%| F|  |TAMS 0x000000008e500000| PB 0x000000008e500000| Untracked 
|  70|0x000000008e600000, 0x000000008e600000, 0x000000008e700000|  0%| F|  |TAMS 0x000000008e600000| PB 0x000000008e600000| Untracked 
|  71|0x000000008e700000, 0x000000008e700000, 0x000000008e800000|  0%| F|  |TAMS 0x000000008e700000| PB 0x000000008e700000| Untracked 
|  72|0x000000008e800000, 0x000000008e800000, 0x000000008e900000|  0%| F|  |TAMS 0x000000008e800000| PB 0x000000008e800000| Untracked 
|  73|0x000000008e900000, 0x000000008e900000, 0x000000008ea00000|  0%| F|  |TAMS 0x000000008e900000| PB 0x000000008e900000| Untracked 
|  74|0x000000008ea00000, 0x000000008ea00000, 0x000000008eb00000|  0%| F|  |TAMS 0x000000008ea00000| PB 0x000000008ea00000| Untracked 
|  75|0x000000008eb00000, 0x000000008eb00000, 0x000000008ec00000|  0%| F|  |TAMS 0x000000008eb00000| PB 0x000000008eb00000| Untracked 
|  76|0x000000008ec00000, 0x000000008ec00000, 0x000000008ed00000|  0%| F|  |TAMS 0x000000008ec00000| PB 0x000000008ec00000| Untracked 
|  77|0x000000008ed00000, 0x000000008ed00000, 0x000000008ee00000|  0%| F|  |TAMS 0x000000008ed00000| PB 0x000000008ed00000| Untracked 
|  78|0x000000008ee00000, 0x000000008ee00000, 0x000000008ef00000|  0%| F|  |TAMS 0x000000008ee00000| PB 0x000000008ee00000| Untracked 
|  79|0x000000008ef00000, 0x000000008ef00000, 0x000000008f000000|  0%| F|  |TAMS 0x000000008ef00000| PB 0x000000008ef00000| Untracked 
|  80|0x000000008f000000, 0x000000008f000000, 0x000000008f100000|  0%| F|  |TAMS 0x000000008f000000| PB 0x000000008f000000| Untracked 
|  81|0x000000008f100000, 0x000000008f100000, 0x000000008f200000|  0%| F|  |TAMS 0x000000008f100000| PB 0x000000008f100000| Untracked 
|  82|0x000000008f200000, 0x000000008f200000, 0x000000008f300000|  0%| F|  |TAMS 0x000000008f200000| PB 0x000000008f200000| Untracked 
|  83|0x000000008f300000, 0x000000008f300000, 0x000000008f400000|  0%| F|  |TAMS 0x000000008f300000| PB 0x000000008f300000| Untracked 
|  84|0x000000008f400000, 0x000000008f400000, 0x000000008f500000|  0%| F|  |TAMS 0x000000008f400000| PB 0x000000008f400000| Untracked 
|  85|0x000000008f500000, 0x000000008f500000, 0x000000008f600000|  0%| F|  |TAMS 0x000000008f500000| PB 0x000000008f500000| Untracked 
|  86|0x000000008f600000, 0x000000008f600000, 0x000000008f700000|  0%| F|  |TAMS 0x000000008f600000| PB 0x000000008f600000| Untracked 
|  87|0x000000008f700000, 0x000000008f700000, 0x000000008f800000|  0%| F|  |TAMS 0x000000008f700000| PB 0x000000008f700000| Untracked 
|  88|0x000000008f800000, 0x000000008f800000, 0x000000008f900000|  0%| F|  |TAMS 0x000000008f800000| PB 0x000000008f800000| Untracked 
|  89|0x000000008f900000, 0x000000008f900000, 0x000000008fa00000|  0%| F|  |TAMS 0x000000008f900000| PB 0x000000008f900000| Untracked 
|  90|0x000000008fa00000, 0x000000008fa00000, 0x000000008fb00000|  0%| F|  |TAMS 0x000000008fa00000| PB 0x000000008fa00000| Untracked 
|  91|0x000000008fb00000, 0x000000008fb00000, 0x000000008fc00000|  0%| F|  |TAMS 0x000000008fb00000| PB 0x000000008fb00000| Untracked 
|  92|0x000000008fc00000, 0x000000008fc00000, 0x000000008fd00000|  0%| F|  |TAMS 0x000000008fc00000| PB 0x000000008fc00000| Untracked 
|  93|0x000000008fd00000, 0x000000008fd00000, 0x000000008fe00000|  0%| F|  |TAMS 0x000000008fd00000| PB 0x000000008fd00000| Untracked 
|  94|0x000000008fe00000, 0x000000008fe00000, 0x000000008ff00000|  0%| F|  |TAMS 0x000000008fe00000| PB 0x000000008fe00000| Untracked 
|  95|0x000000008ff00000, 0x000000008ff00000, 0x0000000090000000|  0%| F|  |TAMS 0x000000008ff00000| PB 0x000000008ff00000| Untracked 
|  96|0x0000000090000000, 0x0000000090000000, 0x0000000090100000|  0%| F|  |TAMS 0x0000000090000000| PB 0x0000000090000000| Untracked 
|  97|0x0000000090100000, 0x0000000090100000, 0x0000000090200000|  0%| F|  |TAMS 0x0000000090100000| PB 0x0000000090100000| Untracked 
|  98|0x0000000090200000, 0x0000000090200000, 0x0000000090300000|  0%| F|  |TAMS 0x0000000090200000| PB 0x0000000090200000| Untracked 
|  99|0x0000000090300000, 0x0000000090300000, 0x0000000090400000|  0%| F|  |TAMS 0x0000000090300000| PB 0x0000000090300000| Untracked 
| 100|0x0000000090400000, 0x0000000090400000, 0x0000000090500000|  0%| F|  |TAMS 0x0000000090400000| PB 0x0000000090400000| Untracked 
| 101|0x0000000090500000, 0x0000000090500000, 0x0000000090600000|  0%| F|  |TAMS 0x0000000090500000| PB 0x0000000090500000| Untracked 
| 102|0x0000000090600000, 0x0000000090600000, 0x0000000090700000|  0%| F|  |TAMS 0x0000000090600000| PB 0x0000000090600000| Untracked 
| 103|0x0000000090700000, 0x0000000090700000, 0x0000000090800000|  0%| F|  |TAMS 0x0000000090700000| PB 0x0000000090700000| Untracked 
| 104|0x0000000090800000, 0x0000000090800000, 0x0000000090900000|  0%| F|  |TAMS 0x0000000090800000| PB 0x0000000090800000| Untracked 
| 105|0x0000000090900000, 0x0000000090900000, 0x0000000090a00000|  0%| F|  |TAMS 0x0000000090900000| PB 0x0000000090900000| Untracked 
| 106|0x0000000090a00000, 0x0000000090a00000, 0x0000000090b00000|  0%| F|  |TAMS 0x0000000090a00000| PB 0x0000000090a00000| Untracked 
| 107|0x0000000090b00000, 0x0000000090b00000, 0x0000000090c00000|  0%| F|  |TAMS 0x0000000090b00000| PB 0x0000000090b00000| Untracked 
| 108|0x0000000090c00000, 0x0000000090cd78f8, 0x0000000090d00000| 84%| E|  |TAMS 0x0000000090c00000| PB 0x0000000090c00000| Complete 
| 109|0x0000000090d00000, 0x0000000090e00000, 0x0000000090e00000|100%| E|CS|TAMS 0x0000000090d00000| PB 0x0000000090d00000| Complete 
| 110|0x0000000090e00000, 0x0000000090f00000, 0x0000000090f00000|100%| E|  |TAMS 0x0000000090e00000| PB 0x0000000090e00000| Complete 
| 111|0x0000000090f00000, 0x0000000091000000, 0x0000000091000000|100%| E|CS|TAMS 0x0000000090f00000| PB 0x0000000090f00000| Complete 
| 112|0x0000000091000000, 0x0000000091100000, 0x0000000091100000|100%| E|CS|TAMS 0x0000000091000000| PB 0x0000000091000000| Complete 
| 113|0x0000000091100000, 0x0000000091200000, 0x0000000091200000|100%| E|CS|TAMS 0x0000000091100000| PB 0x0000000091100000| Complete 
| 114|0x0000000091200000, 0x0000000091300000, 0x0000000091300000|100%| E|CS|TAMS 0x0000000091200000| PB 0x0000000091200000| Complete 
| 115|0x0000000091300000, 0x0000000091400000, 0x0000000091400000|100%| E|CS|TAMS 0x0000000091300000| PB 0x0000000091300000| Complete 
| 116|0x0000000091400000, 0x0000000091500000, 0x0000000091500000|100%| E|CS|TAMS 0x0000000091400000| PB 0x0000000091400000| Complete 
| 117|0x0000000091500000, 0x0000000091600000, 0x0000000091600000|100%| E|CS|TAMS 0x0000000091500000| PB 0x0000000091500000| Complete 

Card table byte_map: [0x00000127d1eb0000,0x00000127d2260000] _byte_map_base: 0x00000127d1a60000

Marking Bits: (CMBitMap*) 0x00000127ba977a50
 Bits: [0x00000127d2610000, 0x00000127d4390000)

Polling page: 0x00000127ba0e0000

Metaspace:

Usage:
  Non-class:      6.46 MB used.
      Class:    849.30 KB used.
       Both:      7.29 MB used.

Virtual space:
  Non-class space:       64.00 MB reserved,       6.56 MB ( 10%) committed,  1 nodes.
      Class space:        1.00 GB reserved,     960.00 KB ( <1%) committed,  1 nodes.
             Both:        1.06 GB reserved,       7.50 MB ( <1%) committed. 

Chunk freelists:
   Non-Class:  1007.00 KB
       Class:  3.11 MB
        Both:  4.09 MB

MaxMetaspaceSize: unlimited
CompressedClassSpaceSize: 1.00 GB
Initial GC threshold: 21.00 MB
Current GC threshold: 21.00 MB
CDS: on
MetaspaceReclaimPolicy: balanced
 - commit_granule_bytes: 65536.
 - commit_granule_words: 8192.
 - virtual_space_node_default_size: 8388608.
 - enlarge_chunks_in_place: 1.
 - new_chunks_are_fully_committed: 0.
 - uncommit_free_chunks: 1.
 - use_allocation_guard: 0.


Internal statistics:

num_allocs_failed_limit: 0.
num_arena_births: 152.
num_arena_deaths: 0.
num_vsnodes_births: 2.
num_vsnodes_deaths: 0.
num_space_committed: 120.
num_space_uncommitted: 0.
num_chunks_returned_to_freelist: 0.
num_chunks_taken_from_freelist: 191.
num_chunk_merges: 0.
num_chunk_splits: 112.
num_chunks_enlarged: 43.
num_inconsistent_stats: 0.

CodeHeap 'non-profiled nmethods': size=120000Kb used=257Kb max_used=257Kb free=119743Kb
 bounds [0x00000127ca4c0000, 0x00000127ca730000, 0x00000127d19f0000]
CodeHeap 'profiled nmethods': size=120000Kb used=1305Kb max_used=1305Kb free=118694Kb
 bounds [0x00000127c29f0000, 0x00000127c2c60000, 0x00000127c9f20000]
CodeHeap 'non-nmethods': size=5760Kb used=1601Kb max_used=1615Kb free=4158Kb
 bounds [0x00000127c9f20000, 0x00000127ca190000, 0x00000127ca4c0000]
 total_blobs=1487 nmethods=876 adapters=522
 compilation: enabled
              stopped_count=0, restarted_count=0
 full_count=0

Compilation events (20 events):
Event: 0.801 Thread 0x00000127d6b8d200 nmethod 868 0x00000127c2b33210 code [0x00000127c2b333c0, 0x00000127c2b33660]
Event: 0.801 Thread 0x00000127d6b8d200  866       3       java.lang.Integer::compare (20 bytes)
Event: 0.801 Thread 0x00000127d6b8d200 nmethod 866 0x00000127c2b33790 code [0x00000127c2b33920, 0x00000127c2b33b00]
Event: 0.801 Thread 0x00000127d6b8d200  867       3       sun.java2d.loops.GraphicsPrimitiveMgr$1::compare (13 bytes)
Event: 0.801 Thread 0x00000127d6b8d200 nmethod 867 0x00000127c2b33b90 code [0x00000127c2b33d60, 0x00000127c2b34248]
Event: 0.802 Thread 0x00000127d6b8cc70  869       4       sun.java2d.loops.GraphicsPrimitiveMgr$1::compare (13 bytes)
Event: 0.803 Thread 0x00000127d6b8d200  870       3       sun.java2d.loops.GraphicsPrimitiveMgr$2::compare (24 bytes)
Event: 0.803 Thread 0x00000127d6b8d200 nmethod 870 0x00000127c2b34390 code [0x00000127c2b34540, 0x00000127c2b349b0]
Event: 0.803 Thread 0x00000127d6b8d200  872       1       sun.java2d.loops.CompositeType::getSuperType (5 bytes)
Event: 0.803 Thread 0x00000127d6b8d200 nmethod 872 0x00000127ca4ff710 code [0x00000127ca4ff880, 0x00000127ca4ff948]
Event: 0.803 Thread 0x00000127d6b8d200  873       3       java.util.Arrays::binarySearch0 (95 bytes)
Event: 0.803 Thread 0x00000127d6b8d200 nmethod 873 0x00000127c2b34b10 code [0x00000127c2b34ce0, 0x00000127c2b35110]
Event: 0.803 Thread 0x00000127d6b8d200  874       3       sun.java2d.loops.GraphicsPrimitiveMgr::locate (104 bytes)
Event: 0.804 Thread 0x00000127d6b8cc70 nmethod 869 0x00000127ca4ffa10 code [0x00000127ca4ffb80, 0x00000127ca4ffcb0]
Event: 0.804 Thread 0x00000127d6b8cc70  871       4       java.lang.Integer::compare (20 bytes)
Event: 0.804 Thread 0x00000127d6b8d200 nmethod 874 0x00000127c2b35290 code [0x00000127c2b354c0, 0x00000127c2b35f20]
Event: 0.804 Thread 0x00000127d6b8d200  875       3       java.util.Arrays::binarySearch (10 bytes)
Event: 0.804 Thread 0x00000127d6b8cc70 nmethod 871 0x00000127ca4ffe10 code [0x00000127ca4fff80, 0x00000127ca500000]
Event: 0.805 Thread 0x00000127d6b8d200 nmethod 875 0x00000127c2b36190 code [0x00000127c2b36320, 0x00000127c2b36448]
Event: 0.805 Thread 0x00000127d6b8d200  876       1       sun.java2d.loops.SurfaceType::getSuperType (5 bytes)

GC Heap History (0 events):
No events

Dll operation events (10 events):
Event: 0.010 Loaded shared library C:\Program Files\Java\jdk-20\bin\java.dll
Event: 0.035 Loaded shared library C:\Program Files\Java\jdk-20\bin\jsvml.dll
Event: 0.098 Loaded shared library C:\Program Files\Java\jdk-20\bin\net.dll
Event: 0.101 Loaded shared library C:\Program Files\Java\jdk-20\bin\nio.dll
Event: 0.129 Loaded shared library C:\Program Files\Java\jdk-20\bin\zip.dll
Event: 0.149 Loaded shared library C:\Program Files\Java\jdk-20\bin\jimage.dll
Event: 0.171 Loaded shared library C:\Program Files\Java\jdk-20\bin\awt.dll
Event: 0.528 Loaded shared library C:\Program Files\Java\jdk-20\bin\javajpeg.dll
Event: 0.654 Loaded shared library C:\Program Files\Java\jdk-20\bin\freetype.dll
Event: 0.656 Loaded shared library C:\Program Files\Java\jdk-20\bin\fontmanager.dll

Deoptimization events (20 events):
Event: 0.368 Thread 0x00000127ba91bd70 Uncommon trap: trap_request=0xffffff45 fr.pc=0x00000127ca4cf970 relative=0x00000000000009f0
Event: 0.368 Thread 0x00000127ba91bd70 Uncommon trap: reason=unstable_if action=reinterpret pc=0x00000127ca4cf970 method=java.util.HashMap.putVal(ILjava/lang/Object;Ljava/lang/Object;ZZ)Ljava/lang/Object; @ 236 c2
Event: 0.368 Thread 0x00000127ba91bd70 DEOPT PACKING pc=0x00000127ca4cf970 sp=0x000000161b1fe0f0
Event: 0.368 Thread 0x00000127ba91bd70 DEOPT UNPACKING pc=0x00000127c9f89d22 sp=0x000000161b1fe0a8 mode 2
Event: 0.512 Thread 0x000001281c81e020 Uncommon trap: trap_request=0xffffff45 fr.pc=0x00000127ca4eee28 relative=0x00000000000006c8
Event: 0.512 Thread 0x000001281c81e020 Uncommon trap: reason=unstable_if action=reinterpret pc=0x00000127ca4eee28 method=java.util.regex.Matcher.search(I)Z @ 30 c2
Event: 0.512 Thread 0x000001281c81e020 DEOPT PACKING pc=0x00000127ca4eee28 sp=0x000000161d0febb0
Event: 0.512 Thread 0x000001281c81e020 DEOPT UNPACKING pc=0x00000127c9f89d22 sp=0x000000161d0feb90 mode 2
Event: 0.616 Thread 0x000001281c04a5c0 Uncommon trap: trap_request=0xffffff45 fr.pc=0x00000127ca4eab44 relative=0x0000000000000144
Event: 0.616 Thread 0x000001281c04a5c0 Uncommon trap: reason=unstable_if action=reinterpret pc=0x00000127ca4eab44 method=java.util.concurrent.locks.ReentrantLock$NonfairSync.initialTryLock()Z @ 10 c2
Event: 0.616 Thread 0x000001281c04a5c0 DEOPT PACKING pc=0x00000127ca4eab44 sp=0x000000161c5fd540
Event: 0.616 Thread 0x000001281c04a5c0 DEOPT UNPACKING pc=0x00000127c9f89d22 sp=0x000000161c5fd4e8 mode 2
Event: 0.617 Thread 0x000001281c04a5c0 Uncommon trap: trap_request=0xffffff45 fr.pc=0x00000127ca4f4bcc relative=0x00000000000000cc
Event: 0.617 Thread 0x000001281c04a5c0 Uncommon trap: reason=unstable_if action=reinterpret pc=0x00000127ca4f4bcc method=java.util.concurrent.locks.ReentrantLock$Sync.tryRelease(I)Z @ 26 c2
Event: 0.617 Thread 0x000001281c04a5c0 DEOPT PACKING pc=0x00000127ca4f4bcc sp=0x000000161c5fd540
Event: 0.617 Thread 0x000001281c04a5c0 DEOPT UNPACKING pc=0x00000127c9f89d22 sp=0x000000161c5fd4e0 mode 2
Event: 0.666 Thread 0x00000127ba91bd70 Uncommon trap: trap_request=0xffffff45 fr.pc=0x00000127ca4ef9d4 relative=0x00000000000001d4
Event: 0.666 Thread 0x00000127ba91bd70 Uncommon trap: reason=unstable_if action=reinterpret pc=0x00000127ca4ef9d4 method=java.lang.StringUTF16.compress([CI[BII)I @ 20 c2
Event: 0.666 Thread 0x00000127ba91bd70 DEOPT PACKING pc=0x00000127ca4ef9d4 sp=0x000000161b1fde50
Event: 0.666 Thread 0x00000127ba91bd70 DEOPT UNPACKING pc=0x00000127c9f89d22 sp=0x000000161b1fddc0 mode 2

Classes loaded (20 events):
Event: 0.783 Loading class sun/awt/image/BufferedImageGraphicsConfig done
Event: 0.783 Loading class sun/print/PrinterGraphicsConfig
Event: 0.783 Loading class sun/print/PrinterGraphicsConfig done
Event: 0.783 Loading class sun/java2d/d3d/D3DVolatileSurfaceManager
Event: 0.783 Loading class sun/java2d/d3d/D3DVolatileSurfaceManager done
Event: 0.799 Loading class sun/awt/image/BufImgSurfaceData
Event: 0.800 Loading class sun/awt/image/BufImgSurfaceData done
Event: 0.800 Loading class sun/awt/image/BufImgSurfaceData$ICMColorData
Event: 0.800 Loading class sun/awt/image/BufImgSurfaceData$ICMColorData done
Event: 0.800 Loading class sun/java2d/loops/RenderLoops
Event: 0.800 Loading class sun/java2d/loops/RenderLoops done
Event: 0.800 Loading class sun/java2d/loops/GraphicsPrimitiveMgr$PrimitiveSpec
Event: 0.800 Loading class sun/java2d/loops/GraphicsPrimitiveMgr$PrimitiveSpec done
Event: 0.803 Loading class sun/java2d/loops/DrawGlyphListColor
Event: 0.803 Loading class sun/java2d/loops/DrawGlyphListColor done
Event: 0.804 Loading class sun/java2d/loops/DrawGlyphListColor$General
Event: 0.804 Loading class sun/java2d/loops/DrawGlyphListColor$General done
Event: 0.804 Loading class sun/java2d/loops/Blit$GeneralMaskBlit
Event: 0.804 Loading class sun/java2d/loops/Blit$GeneralMaskBlit done
Event: 0.804 Loading class sun/awt/image/BufferedImageDevice

Classes unloaded (0 events):
No events

Classes redefined (0 events):
No events

Internal exceptions (16 events):
Event: 0.103 Thread 0x00000127ba91bd70 Exception <a 'sun/nio/fs/WindowsException'{0x000000009144e9e0}> (0x000000009144e9e0) 
thrown [s\open\src\hotspot\share\prims\jni.cpp, line 519]
Event: 0.105 Thread 0x00000127ba91bd70 Exception <a 'sun/nio/fs/WindowsException'{0x0000000091450e38}> (0x0000000091450e38) 
thrown [s\open\src\hotspot\share\prims\jni.cpp, line 519]
Event: 0.106 Thread 0x00000127ba91bd70 Exception <a 'sun/nio/fs/WindowsException'{0x00000000914518e0}> (0x00000000914518e0) 
thrown [s\open\src\hotspot\share\prims\jni.cpp, line 519]
Event: 0.106 Thread 0x00000127ba91bd70 Exception <a 'sun/nio/fs/WindowsException'{0x0000000091452398}> (0x0000000091452398) 
thrown [s\open\src\hotspot\share\prims\jni.cpp, line 519]
Event: 0.157 Thread 0x00000127ba91bd70 Exception <a 'java/lang/ClassNotFoundException'{0x00000000913ab550}: sun/awt/resources/spi/awtProvider> (0x00000000913ab550) 
thrown [s\open\src\hotspot\share\classfile\systemDictionary.cpp, line 305]
Event: 0.187 Thread 0x00000127ba91bd70 Exception <a 'java/io/FileNotFoundException'{0x0000000091202430}> (0x0000000091202430) 
thrown [s\open\src\hotspot\share\prims\jni.cpp, line 519]
Event: 0.198 Thread 0x00000127ba91bd70 Exception <a 'java/io/FileNotFoundException'{0x000000009122c428}> (0x000000009122c428) 
thrown [s\open\src\hotspot\share\prims\jni.cpp, line 519]
Event: 0.371 Thread 0x00000127ba91bd70 Exception <a 'java/lang/NoSuchMethodError'{0x00000000912c1c28}: 'void java.lang.invoke.DirectMethodHandle$Holder.invokeSpecial(java.lang.Object, java.lang.Object, java.lang.Object)'> (0x00000000912c1c28) 
thrown [s\open\src\hotspot\share\interpreter\linkResolver.cpp, line 773]
Event: 0.383 Thread 0x00000127ba91bd70 Exception <a 'java/lang/NoSuchMethodError'{0x0000000091181268}: 'java.lang.Object java.lang.invoke.DirectMethodHandle$Holder.newInvokeSpecial(java.lang.Object, java.lang.Object, java.lang.Object, java.lang.Object, java.lang.Object)'> (0x0000000091181268) 
thrown [s\open\src\hotspot\share\interpreter\linkResolver.cpp, line 773]
Event: 0.392 Thread 0x00000127ba91bd70 Exception <a 'java/lang/NoSuchMethodError'{0x00000000911b1b10}: 'java.lang.Object java.lang.invoke.DirectMethodHandle$Holder.invokeStatic(java.lang.Object, int, java.lang.Object)'> (0x00000000911b1b10) 
thrown [s\open\src\hotspot\share\interpreter\linkResolver.cpp, line 773]
Event: 0.430 Thread 0x00000127ba91bd70 Exception <a 'java/lang/ClassNotFoundException'{0x000000009106d3e8}: com/sun/swing/internal/plaf/metal/resources/spi/metalProvider> (0x000000009106d3e8) 
thrown [s\open\src\hotspot\share\classfile\systemDictionary.cpp, line 305]
Event: 0.431 Thread 0x00000127ba91bd70 Exception <a 'java/lang/ClassNotFoundException'{0x0000000091071348}: com/sun/swing/internal/plaf/basic/resources/spi/basicProvider> (0x0000000091071348) 
thrown [s\open\src\hotspot\share\classfile\systemDictionary.cpp, line 305]
Event: 0.443 Thread 0x00000127ba91bd70 Exception <a 'java/lang/NoSuchMethodError'{0x0000000091090518}: 'int java.lang.invoke.Invokers$Holder.invokeExact_MT(java.lang.Object, java.lang.Object)'> (0x0000000091090518) 
thrown [s\open\src\hotspot\share\interpreter\linkResolver.cpp, line 773]
Event: 0.530 Thread 0x000001281c81e020 Exception <a 'java/lang/NoSuchMethodError'{0x0000000090e75cb0}: 'java.lang.Object java.lang.invoke.DirectMethodHandle$Holder.newInvokeSpecial(java.lang.Object, java.lang.Object, java.lang.Object, int, int, int, int, int)'> (0x0000000090e75cb0) 
thrown [s\open\src\hotspot\share\interpreter\linkResolver.cpp, line 773]
Event: 0.619 Thread 0x000001281c04a5c0 Exception <a 'java/lang/NoSuchMethodError'{0x000000009110ffe0}: 'void java.lang.invoke.DirectMethodHandle$Holder.invokeVirtual(java.lang.Object, java.lang.Object)'> (0x000000009110ffe0) 
thrown [s\open\src\hotspot\share\interpreter\linkResolver.cpp, line 773]
Event: 0.648 Thread 0x00000127ba91bd70 Exception <a 'java/lang/NoSuchMethodError'{0x0000000090c10888}: 'void java.lang.invoke.DirectMethodHandle$Holder.invokeStaticInit(java.lang.Object)'> (0x0000000090c10888) 
thrown [s\open\src\hotspot\share\interpreter\linkResolver.cpp, line 773]

VM Operations (8 events):
Event: 0.108 Executing VM operation: HandshakeAllThreads
Event: 0.108 Executing VM operation: HandshakeAllThreads done
Event: 0.206 Executing VM operation: HandshakeAllThreads
Event: 0.207 Executing VM operation: HandshakeAllThreads done
Event: 0.510 Executing VM operation: HandshakeAllThreads
Event: 0.510 Executing VM operation: HandshakeAllThreads done
Event: 0.577 Executing VM operation: HandshakeAllThreads
Event: 0.577 Executing VM operation: HandshakeAllThreads done

Events (19 events):
Event: 0.035 Thread 0x00000127ba91bd70 Thread added: 0x00000127ba91bd70
Event: 0.051 Thread 0x00000127d6b7fbc0 Thread added: 0x00000127d6b7fbc0
Event: 0.051 Thread 0x00000127d6b82970 Thread added: 0x00000127d6b82970
Event: 0.052 Thread 0x00000127d6b85730 Thread added: 0x00000127d6b85730
Event: 0.052 Thread 0x00000127d6b88ca0 Thread added: 0x00000127d6b88ca0
Event: 0.052 Thread 0x00000127d6b891f0 Thread added: 0x00000127d6b891f0
Event: 0.052 Thread 0x00000127d6b89d50 Thread added: 0x00000127d6b89d50
Event: 0.052 Thread 0x00000127d6b8cc70 Thread added: 0x00000127d6b8cc70
Event: 0.052 Thread 0x00000127d6b8d200 Thread added: 0x00000127d6b8d200
Event: 0.081 Thread 0x000001281bdbb6f0 Thread added: 0x000001281bdbb6f0
Event: 0.123 Thread 0x000001281bea60f0 Thread added: 0x000001281bea60f0
Event: 0.252 Thread 0x000001281c0011e0 Thread added: 0x000001281c0011e0
Event: 0.254 Thread 0x000001281c01bf10 Thread added: 0x000001281c01bf10
Event: 0.256 Thread 0x000001281c04a5c0 Thread added: 0x000001281c04a5c0
Event: 0.452 Thread 0x000001281c81e020 Thread added: 0x000001281c81e020
Event: 0.617 Thread 0x000001281c89f620 Thread added: 0x000001281c89f620
Event: 0.770 Thread 0x00000127ba91bd70 Thread exited: 0x00000127ba91bd70
Event: 0.771 Thread 0x00000127ba91bd70 Thread added: 0x00000127ba91bd70
Event: 0.781 Thread 0x000001281bdc9730 Thread added: 0x000001281bdc9730


Dynamic libraries:
0x00007ff63c550000 - 0x00007ff63c560000 	C:\Program Files\Java\jdk-20\bin\java.exe
0x00007ffed00d0000 - 0x00007ffed02e7000 	C:\WINDOWS\SYSTEM32\ntdll.dll
0x00007ffece6d0000 - 0x00007ffece794000 	C:\WINDOWS\System32\KERNEL32.DLL
0x00007ffecd980000 - 0x00007ffecdd26000 	C:\WINDOWS\System32\KERNELBASE.dll
0x00007ffecd6c0000 - 0x00007ffecd7d1000 	C:\WINDOWS\System32\ucrtbase.dll
0x00007ffea5370000 - 0x00007ffea538b000 	C:\Program Files\Java\jdk-20\bin\VCRUNTIME140.dll
0x00007ffea34b0000 - 0x00007ffea34c9000 	C:\Program Files\Java\jdk-20\bin\jli.dll
0x00007ffecdfd0000 - 0x00007ffece081000 	C:\WINDOWS\System32\ADVAPI32.dll
0x00007ffecfb50000 - 0x00007ffecfbf7000 	C:\WINDOWS\System32\msvcrt.dll
0x00007ffece610000 - 0x00007ffece6b5000 	C:\WINDOWS\System32\sechost.dll
0x00007ffecf8f0000 - 0x00007ffecfa07000 	C:\WINDOWS\System32\RPCRT4.dll
0x00007ffecde20000 - 0x00007ffecdfce000 	C:\WINDOWS\System32\USER32.dll
0x00007ffecd7e0000 - 0x00007ffecd806000 	C:\WINDOWS\System32\win32u.dll
0x00007ffecff10000 - 0x00007ffecff39000 	C:\WINDOWS\System32\GDI32.dll
0x00007ffeafae0000 - 0x00007ffeafd73000 	C:\WINDOWS\WinSxS\amd64_microsoft.windows.common-controls_6595b64144ccf1df_6.0.22621.2506_none_270c5ae97388e100\COMCTL32.dll
0x00007ffecd500000 - 0x00007ffecd618000 	C:\WINDOWS\System32\gdi32full.dll
0x00007ffecd620000 - 0x00007ffecd6ba000 	C:\WINDOWS\System32\msvcp_win.dll
0x00007ffec41b0000 - 0x00007ffec41ba000 	C:\WINDOWS\SYSTEM32\VERSION.dll
0x00007ffecfd00000 - 0x00007ffecfd31000 	C:\WINDOWS\System32\IMM32.DLL
0x00007ffeb7e10000 - 0x00007ffeb7e1c000 	C:\Program Files\Java\jdk-20\bin\vcruntime140_1.dll
0x00007ffe63530000 - 0x00007ffe635be000 	C:\Program Files\Java\jdk-20\bin\msvcp140.dll
0x00007ffe5d3b0000 - 0x00007ffe5e048000 	C:\Program Files\Java\jdk-20\bin\server\jvm.dll
0x00007ffec61b0000 - 0x00007ffec61e4000 	C:\WINDOWS\SYSTEM32\WINMM.dll
0x00007ffeb7e20000 - 0x00007ffeb7e29000 	C:\WINDOWS\SYSTEM32\WSOCK32.dll
0x00007ffece350000 - 0x00007ffece3c1000 	C:\WINDOWS\System32\WS2_32.dll
0x00007ffecc420000 - 0x00007ffecc438000 	C:\WINDOWS\SYSTEM32\kernel.appcore.dll
0x00007ffeb6970000 - 0x00007ffeb697a000 	C:\Program Files\Java\jdk-20\bin\jimage.dll
0x00007ffec4b30000 - 0x00007ffec4d63000 	C:\WINDOWS\SYSTEM32\DBGHELP.DLL
0x00007ffeced00000 - 0x00007ffecf089000 	C:\WINDOWS\System32\combase.dll
0x00007ffecec20000 - 0x00007ffececf7000 	C:\WINDOWS\System32\OLEAUT32.dll
0x00007ffebf3a0000 - 0x00007ffebf3d2000 	C:\WINDOWS\SYSTEM32\dbgcore.DLL
0x00007ffecdda0000 - 0x00007ffecde1a000 	C:\WINDOWS\System32\bcryptPrimitives.dll
0x00007ffe88800000 - 0x00007ffe88826000 	C:\Program Files\Java\jdk-20\bin\java.dll
0x00007ffe68d70000 - 0x00007ffe68e47000 	C:\Program Files\Java\jdk-20\bin\jsvml.dll
0x00007ffecf090000 - 0x00007ffecf8ea000 	C:\WINDOWS\System32\SHELL32.dll
0x00007ffecb310000 - 0x00007ffecbc06000 	C:\WINDOWS\SYSTEM32\windows.storage.dll
0x00007ffecb1d0000 - 0x00007ffecb30e000 	C:\WINDOWS\SYSTEM32\wintypes.dll
0x00007ffece240000 - 0x00007ffece333000 	C:\WINDOWS\System32\SHCORE.dll
0x00007ffece090000 - 0x00007ffece0ee000 	C:\WINDOWS\System32\shlwapi.dll
0x00007ffecd370000 - 0x00007ffecd396000 	C:\WINDOWS\SYSTEM32\profapi.dll
0x00007ffea3380000 - 0x00007ffea3393000 	C:\Program Files\Java\jdk-20\bin\net.dll
0x00007ffec71c0000 - 0x00007ffec72f7000 	C:\WINDOWS\SYSTEM32\WINHTTP.dll
0x00007ffecc8c0000 - 0x00007ffecc929000 	C:\WINDOWS\system32\mswsock.dll
0x00007ffe887e0000 - 0x00007ffe887f6000 	C:\Program Files\Java\jdk-20\bin\nio.dll
0x00007ffe887c0000 - 0x00007ffe887d8000 	C:\Program Files\Java\jdk-20\bin\zip.dll
0x00007ffe635c0000 - 0x00007ffe63751000 	C:\Program Files\Java\jdk-20\bin\awt.dll
0x00007ffeca3e0000 - 0x00007ffeca477000 	C:\WINDOWS\SYSTEM32\apphelp.dll
0x00007ffeca7a0000 - 0x00007ffeca7cb000 	C:\WINDOWS\system32\DWMAPI.DLL
0x00007ffeca590000 - 0x00007ffeca63b000 	C:\WINDOWS\system32\uxtheme.dll
0x00007ffe6d480000 - 0x00007ffe6d580000 	C:\WINDOWS\system32\opengl32.dll
0x00007ffea91c0000 - 0x00007ffea91ed000 	C:\WINDOWS\SYSTEM32\GLU32.dll
0x00007ffeca800000 - 0x00007ffeca836000 	C:\WINDOWS\SYSTEM32\dxcore.dll
0x00007ffecff40000 - 0x00007ffed0090000 	C:\WINDOWS\System32\MSCTF.dll
0x00007ffece3e0000 - 0x00007ffece580000 	C:\WINDOWS\System32\ole32.dll
0x00007ffe94570000 - 0x00007ffe94719000 	C:\WINDOWS\system32\d3d9.dll
0x00007ffeb5d70000 - 0x00007ffeb5f4b000 	C:\WINDOWS\System32\DriverStore\FileRepository\u0368330.inf_amd64_2a773f4c46cdd019\B367597\aticfx64.dll
0x00007ffe694a0000 - 0x00007ffe694d3000 	C:\WINDOWS\System32\DriverStore\FileRepository\u0368330.inf_amd64_2a773f4c46cdd019\B367597\atiu9p64.dll
0x00007ffe65190000 - 0x00007ffe65eea000 	C:\WINDOWS\System32\DriverStore\FileRepository\u0368330.inf_amd64_2a773f4c46cdd019\B367597\atiumd64.dll
0x0000000064430000 - 0x00000000652fb000 	C:\WINDOWS\System32\DriverStore\FileRepository\u0368330.inf_amd64_2a773f4c46cdd019\B367597\atiumd6a.dll
0x00007ffecd160000 - 0x00007ffecd1ad000 	C:\WINDOWS\SYSTEM32\POWRPROF.dll
0x00007ffecd140000 - 0x00007ffecd153000 	C:\WINDOWS\SYSTEM32\UMPDC.dll
0x00007ffeb61f0000 - 0x00007ffeb6220000 	C:\WINDOWS\SYSTEM32\amdihk64.dll
0x00007ffeb7510000 - 0x00007ffeb755a000 	C:\WINDOWS\SYSTEM32\directxdatabasehelper.dll
0x00007ffec82c0000 - 0x00007ffec82ee000 	C:\Program Files\Java\jdk-20\bin\javajpeg.dll
0x00007ffe6ae20000 - 0x00007ffe6aea6000 	C:\Program Files\Java\jdk-20\bin\freetype.dll
0x00007ffe6ad40000 - 0x00007ffe6ae13000 	C:\Program Files\Java\jdk-20\bin\fontmanager.dll
0x00007ffece190000 - 0x00007ffece240000 	C:\WINDOWS\System32\clbcatq.dll
0x00007ffec83a0000 - 0x00007ffec8550000 	C:\WINDOWS\SYSTEM32\WindowsCodecs.dll
0x00007ffea9820000 - 0x00007ffea987e000 	C:\WINDOWS\system32\dataexchange.dll
0x00007ffec46f0000 - 0x00007ffec4975000 	C:\WINDOWS\system32\twinapi.appcore.dll
0x00007ffeb7910000 - 0x00007ffeb7a5a000 	C:\WINDOWS\SYSTEM32\textinputframework.dll

dbghelp: loaded successfully - version: 4.0.5 - missing functions: none
symbol engine: initialized successfully - sym options: 0x614 - pdb path: .;C:\Program Files\Java\jdk-20\bin;C:\WINDOWS\SYSTEM32;C:\WINDOWS\WinSxS\amd64_microsoft.windows.common-controls_6595b64144ccf1df_6.0.22621.2506_none_270c5ae97388e100;C:\Program Files\Java\jdk-20\bin\server;C:\WINDOWS\System32\DriverStore\FileRepository\u0368330.inf_amd64_2a773f4c46cdd019\B367597

VM Arguments:
jvm_args: -Dfile.encoding=UTF-8 --module-path=C:\Users\acer\Desktop\Java Project\Bank Management System\build\classes 
java_command: bank.management.system.Login
java_class_path (initial): C:\Users\acer\Desktop\jcalendar-tz-1.3.3-4.jar;C:\Users\acer\Desktop\mysql-connector-java-8.0.28.jar;C:\Users\acer\Desktop\Java Project\Bank Management System\build\classes
Launcher Type: SUN_STANDARD

[Global flags]
     intx CICompilerCount                          = 3                                         {product} {ergonomic}
     uint ConcGCThreads                            = 2                                         {product} {ergonomic}
     uint G1ConcRefinementThreads                  = 6                                         {product} {ergonomic}
   size_t G1HeapRegionSize                         = 1048576                                   {product} {ergonomic}
    uintx GCDrainStackTargetSize                   = 64                                        {product} {ergonomic}
   size_t InitialHeapSize                          = 123731968                                 {product} {ergonomic}
   size_t MarkStackSize                            = 4194304                                   {product} {ergonomic}
   size_t MaxHeapSize                              = 1979711488                                {product} {ergonomic}
   size_t MaxNewSize                               = 1186988032                                {product} {ergonomic}
   size_t MinHeapDeltaBytes                        = 1048576                                   {product} {ergonomic}
   size_t MinHeapSize                              = 8388608                                   {product} {ergonomic}
    uintx NonNMethodCodeHeapSize                   = 5832780                                {pd product} {ergonomic}
    uintx NonProfiledCodeHeapSize                  = 122912730                              {pd product} {ergonomic}
    uintx ProfiledCodeHeapSize                     = 122912730                              {pd product} {ergonomic}
    uintx ReservedCodeCacheSize                    = 251658240                              {pd product} {ergonomic}
     bool SegmentedCodeCache                       = true                                      {product} {ergonomic}
   size_t SoftMaxHeapSize                          = 1979711488                             {manageable} {ergonomic}
     bool UseCompressedClassPointers               = true                           {product lp64_product} {ergonomic}
     bool UseCompressedOops                        = true                           {product lp64_product} {ergonomic}
     bool UseG1GC                                  = true                                      {product} {ergonomic}
     bool UseLargePagesIndividualAllocation        = false                                  {pd product} {ergonomic}

Logging:
Log output configuration:
 #0: stdout all=warning uptime,level,tags foldmultilines=false
 #1: stderr all=off uptime,level,tags foldmultilines=false

Environment Variables:
JAVA_HOME=c:\Java
PATH=C:\Program Files\Common Files\Oracle\Java\javapath;C:\Program Files (x86)\Common Files\Oracle\Java\javapath;C:\WINDOWS\system32;C:\WINDOWS;C:\WINDOWS\System32\Wbem;C:\WINDOWS\System32\WindowsPowerShell\v1.0\;C:\WINDOWS\System32\OpenSSH\;C:\Program Files\MySQL\MySQL Server 8.0\bin;C:\Program Files\nodejs\;C:\Program Files\MATLAB\MATLAB Runtime\v912\runtime\win64;C:\Program Files (x86)\dotnet\;C:\Program Files\MongoDB\Server\4.4\bin;C:\Program Files\Git\cmd;C:\Program Files\Git\bin;C:\Program Files\heroku\bin;C:\Users\acer\anaconda3\Library\bin;C:\Program Files\PuTTY\;c:\Java\bin\;C:\Program Files\Graphviz\bin;'C:\Users\acer\AppData\Local\Packages\PythonSoftwareFoundation.Python.3.11_qbz5n2kfra8p0\LocalCache\local-packages\Python311\Scripts;C:\Program Files\PowerShell\7\;C:\Program Files\Python311\Scripts;C:\Users\acer\AppData\Local\Microsoft\WindowsApps;C:\Users\acer\AppData\Local\Programs\Microsoft VS Code\bin;C:\Program Files\Java\jdk-17.0.1\lib\mysql-connector.jar;C:\Users\acer\AppData\Roaming\npm;C:\mingw64\bin;C:\Users\acer\AppData\Local\atom\bin;C:\Program Files\heroku\bin;C:\Program Files\JetBrains\PyCharm Community Edition 2022.3\bin;;C:\apache-cassandra-3.0.28\bin;C:\hbase-3.0.0-alpha-3\bin;C:\Program Files\jdk-19.0.2\bin;C:\Program Files\Java\jdk-17.0.6\bin;C:\Users\acer\AppData\Roaming\Python\Python311\Scripts;;C:\Program Files\JetBrains\IntelliJ IDEA 2023.1.4\bin;
USERNAME=acer
OS=Windows_NT
PROCESSOR_IDENTIFIER=AMD64 Family 23 Model 96 Stepping 1, AuthenticAMD
TMP=C:\Users\acer\AppData\Local\Temp
TEMP=C:\Users\acer\AppData\Local\Temp




---------------  S Y S T E M  ---------------

OS:
 Windows 11 , 64 bit Build 22621 (10.0.22621.2506)
OS uptime: 0 days 4:13 hours
Hyper-V role detected

CPU: total 6 (initial active 6) (6 cores per cpu, 1 threads per core) family 23 model 96 stepping 1 microcode 0x0, cx8, cmov, fxsr, mmx, 3dnowpref, sse, sse2, sse3, ssse3, sse4a, sse4.1, sse4.2, popcnt, lzcnt, tsc, tscinvbit, avx, avx2, aes, clmul, bmi1, bmi2, adx, sha, fma, vzeroupper, clflush, clflushopt, hv, rdtscp, rdpid, f16c

Memory: 4k page, system-wide physical 7549M (1167M free)
TotalPageFile size 16616M (AvailPageFile size 2M)
current process WorkingSet (physical memory assigned to process): 82M, peak: 82M
current process commit charge ("private bytes"): 232M, peak: 235M

vm_info: Java HotSpot(TM) 64-Bit Server VM (20.0.2+9-78) for windows-amd64 JRE (20.0.2+9-78), built on 2023-06-14T10:08:48Z by "mach5one" with MS VC++ 17.1 (VS2022)

END.
