#
# There is insufficient memory for the Java Runtime Environment to continue.
# Native memory allocation (malloc) failed to allocate 32744 bytes for Chunk::new
# Possible reasons:
#   The system is out of physical RAM or swap space
#   The process is running with CompressedOops enabled, and the Java Heap may be blocking the growth of the native heap
# Possible solutions:
#   Reduce memory load on the system
#   Increase physical memory or swap space
#   Check if swap backing store is full
#   Decrease Java heap size (-Xmx/-Xms)
#   Decrease number of Java threads
#   Decrease Java thread stack sizes (-Xss)
#   Set larger code cache with -XX:ReservedCodeCacheSize=
#   JVM is running with Unscaled Compressed Oops mode in which the Java heap is
#     placed in the first 4GB address space. The Java Heap base address is the
#     maximum limit for the native heap growth. Please use -XX:HeapBaseMinAddress
#     to set the Java Heap base and to place the Java Heap above 4GB virtual address.
# This output file may be truncated or incomplete.
#
#  Out of Memory Error (arena.cpp:184), pid=15428, tid=17372
#
# JRE version: Java(TM) SE Runtime Environment (20.0.2+9) (build 20.0.2+9-78)
# Java VM: Java HotSpot(TM) 64-Bit Server VM (20.0.2+9-78, mixed mode, tiered, compressed oops, compressed class ptrs, g1 gc, windows-amd64)
# No core dump will be written. Minidumps are not enabled by default on client versions of Windows
#

---------------  S U M M A R Y ------------

Command Line: -Dfile.encoding=UTF-8 --module-path=C:\Users\acer\Desktop\Java Project\Bank Management System\build\classes bank.management.system.Login

Host: AMD Ryzen 5 4500U with Radeon Graphics         , 6 cores, 7G,  Windows 11 , 64 bit Build 22621 (10.0.22621.2506)
Time: Tue Dec 26 11:59:17 2023 Nepal Standard Time elapsed time: 0.173059 seconds (0d 0h 0m 0s)

---------------  T H R E A D  ---------------

Current thread (0x000001a48ee7a0d0):  JavaThread "main" [_thread_in_vm, id=17372, stack(0x000000578b400000,0x000000578b500000)]

Stack: [0x000000578b400000,0x000000578b500000]
Native frames: (J=compiled Java code, j=interpreted, Vv=VM code, C=native code)
V  [jvm.dll+0x6bc25a]
V  [jvm.dll+0x84971a]
V  [jvm.dll+0x84b315]
V  [jvm.dll+0x84ba13]
V  [jvm.dll+0x280e4f]
V  [jvm.dll+0xc2ab1]
V  [jvm.dll+0xc2dd5]
V  [jvm.dll+0x711157]
V  [jvm.dll+0x711e4f]
V  [jvm.dll+0x3c8707]
V  [jvm.dll+0x3c8587]
V  [jvm.dll+0x3c77a7]
V  [jvm.dll+0x3c7748]
V  [jvm.dll+0x3d8a3a]
C  0x000001a49e4af7d6

Java frames: (J=compiled Java code, j=interpreted, Vv=VM code)
j  java.lang.invoke.BoundMethodHandle$Specializer.newSpeciesData(Ljava/lang/String;)Ljava/lang/invoke/BoundMethodHandle$SpeciesData;+0 java.base@20.0.2
j  java.lang.invoke.BoundMethodHandle$Specializer.newSpeciesData(Ljava/lang/Object;)Ljava/lang/invoke/ClassSpecializer$SpeciesData;+5 java.base@20.0.2
j  java.lang.invoke.ClassSpecializer.findSpecies(Ljava/lang/Object;)Ljava/lang/invoke/ClassSpecializer$SpeciesData;+44 java.base@20.0.2
j  java.lang.invoke.ClassSpecializer.<init>(Ljava/lang/Class;Ljava/lang/Class;Ljava/lang/Class;Ljava/lang/invoke/MethodType;Ljava/lang/invoke/MemberName;Ljava/lang/String;Ljava/util/List;)V+93 java.base@20.0.2
j  java.lang.invoke.BoundMethodHandle$Specializer.<init>()V+32 java.base@20.0.2
j  java.lang.invoke.BoundMethodHandle.<clinit>()V+20 java.base@20.0.2
v  ~StubRoutines::call_stub 0x000001a49e48100d
j  java.lang.invoke.DirectMethodHandle.rebind()Ljava/lang/invoke/BoundMethodHandle;+1 java.base@20.0.2
j  java.lang.invoke.MethodHandles.dropArgumentsTrusted(Ljava/lang/invoke/MethodHandle;I[Ljava/lang/Class;)Ljava/lang/invoke/MethodHandle;+29 java.base@20.0.2
j  java.lang.invoke.MethodHandles.dropArguments(Ljava/lang/invoke/MethodHandle;I[Ljava/lang/Class;)Ljava/lang/invoke/MethodHandle;+9 java.base@20.0.2
j  jdk.internal.reflect.MethodHandleAccessorFactory.makeSpecializedTarget(Ljava/lang/invoke/MethodHandle;ZZ)Ljava/lang/invoke/MethodHandle;+86 java.base@20.0.2
j  jdk.internal.reflect.MethodHandleAccessorFactory.getDirectMethod(Ljava/lang/reflect/Method;Z)Ljava/lang/invoke/MethodHandle;+79 java.base@20.0.2
j  jdk.internal.reflect.MethodHandleAccessorFactory.newMethodAccessor(Ljava/lang/reflect/Method;Z)Ljdk/internal/reflect/MethodAccessorImpl;+41 java.base@20.0.2
j  jdk.internal.reflect.ReflectionFactory.newMethodAccessor(Ljava/lang/reflect/Method;Z)Ljdk/internal/reflect/MethodAccessor;+28 java.base@20.0.2
j  java.lang.reflect.Method.acquireMethodAccessor()Ljdk/internal/reflect/MethodAccessor;+38 java.base@20.0.2
j  java.lang.reflect.Method.invoke(Ljava/lang/Object;[Ljava/lang/Object;)Ljava/lang/Object;+75 java.base@20.0.2
j  java.lang.Class.getEnumConstantsShared()[Ljava/lang/Object;+49 java.base@20.0.2
j  java.lang.System$2.getEnumConstantsShared(Ljava/lang/Class;)[Ljava/lang/Enum;+1 java.base@20.0.2
j  java.util.EnumMap.getKeyUniverse(Ljava/lang/Class;)[Ljava/lang/Enum;+4 java.base@20.0.2
j  java.util.EnumMap.<init>(Ljava/lang/Class;)V+16 java.base@20.0.2
j  java.util.stream.StreamOpFlag.set(Ljava/util/stream/StreamOpFlag$Type;)Ljava/util/stream/StreamOpFlag$MaskBuilder;+10 java.base@20.0.2
j  java.util.stream.StreamOpFlag.<clinit>()V+11 java.base@20.0.2
v  ~StubRoutines::call_stub 0x000001a49e48100d
j  java.util.stream.StreamSupport.stream(Ljava/util/Spliterator;Z)Ljava/util/stream/Stream;+11 java.base@20.0.2
j  java.util.Collection.stream()Ljava/util/stream/Stream;+7 java.base@20.0.2
j  jdk.internal.module.DefaultRoots.compute(Ljava/lang/module/ModuleFinder;Ljava/lang/module/ModuleFinder;)Ljava/util/Set;+6 java.base@20.0.2
j  jdk.internal.module.ModuleBootstrap.boot2()Ljava/lang/ModuleLayer;+727 java.base@20.0.2
j  jdk.internal.module.ModuleBootstrap.boot()Ljava/lang/ModuleLayer;+64 java.base@20.0.2
j  java.lang.System.initPhase2(ZZ)I+0 java.base@20.0.2
v  ~StubRoutines::call_stub 0x000001a49e48100d

---------------  P R O C E S S  ---------------

Threads class SMR info:
_java_thread_list=0x000001a4af45ac80, length=9, elements={
0x000001a48ee7a0d0, 0x000001a4af40b090, 0x000001a4af40c9e0, 0x000001a4af44a4b0,
0x000001a4af44c610, 0x000001a4af44d360, 0x000001a4af44dca0, 0x000001a4af44e910,
0x000001a4af45dd00
}

Java Threads: ( => current thread )
=>0x000001a48ee7a0d0 JavaThread "main" [_thread_in_vm, id=17372, stack(0x000000578b400000,0x000000578b500000)]
  0x000001a4af40b090 JavaThread "Reference Handler" daemon [_thread_blocked, id=12032, stack(0x000000578bb00000,0x000000578bc00000)]
  0x000001a4af40c9e0 JavaThread "Finalizer" daemon [_thread_blocked, id=10964, stack(0x000000578bc00000,0x000000578bd00000)]
  0x000001a4af44a4b0 JavaThread "Signal Dispatcher" daemon [_thread_blocked, id=18940, stack(0x000000578bd00000,0x000000578be00000)]
  0x000001a4af44c610 JavaThread "Attach Listener" daemon [_thread_blocked, id=16468, stack(0x000000578be00000,0x000000578bf00000)]
  0x000001a4af44d360 JavaThread "Service Thread" daemon [_thread_blocked, id=16148, stack(0x000000578bf00000,0x000000578c000000)]
  0x000001a4af44dca0 JavaThread "Monitor Deflation Thread" daemon [_thread_blocked, id=13412, stack(0x000000578c000000,0x000000578c100000)]
  0x000001a4af44e910 JavaThread "C2 CompilerThread0" daemon [_thread_blocked, id=15096, stack(0x000000578c100000,0x000000578c200000)]
  0x000001a4af45dd00 JavaThread "C1 CompilerThread0" daemon [_thread_blocked, id=19752, stack(0x000000578c200000,0x000000578c300000)]

Other Threads:
  0x000001a4ab122040 VMThread "VM Thread" [stack: 0x000000578ba00000,0x000000578bb00000] [id=6648]
  0x000001a48eed3d30 WorkerThread "GC Thread#0" [stack: 0x000000578b500000,0x000000578b600000] [id=18472]
  0x000001a48eee39e0 ConcurrentGCThread "G1 Main Marker" [stack: 0x000000578b600000,0x000000578b700000] [id=7940]
  0x000001a48eee4410 WorkerThread "G1 Conc#0" [stack: 0x000000578b700000,0x000000578b800000] [id=12580]
  0x000001a4aaf820c0 ConcurrentGCThread "G1 Refine#0" [stack: 0x000000578b800000,0x000000578b900000] [id=12548]
  0x000001a4aaf82b60 ConcurrentGCThread "G1 Service" [stack: 0x000000578b900000,0x000000578ba00000] [id=10592]

Threads with active compile tasks:

VM state: not at safepoint (normal execution)

VM Mutex/Monitor currently owned by a thread: None

Heap address: 0x000000008a000000, size: 1888 MB, Compressed Oops mode: 32-bit

CDS archive(s) not mapped
Compressed class space mapped at: 0x0000000100000000-0x0000000140000000, reserved size: 1073741824
Narrow klass base: 0x0000000000000000, Narrow klass shift: 3, Narrow klass range: 0x140000000

GC Precious Log:
 CardTable entry size: 512
 Card Set container configuration: InlinePtr #cards 5 size 8 Array Of Cards #cards 12 size 40 Howl #buckets 4 coarsen threshold 1843 Howl Bitmap #cards 512 size 80 coarsen threshold 460 Card regions per heap region 1 cards per card region 2048
 CPUs: 6 total, 6 available
 Memory: 7549M
 Large Page Support: Disabled
 NUMA Support: Disabled
 Compressed Oops: Enabled (32-bit)
 Heap Region Size: 1M
 Heap Min Capacity: 8M
 Heap Initial Capacity: 118M
 Heap Max Capacity: 1888M
 Pre-touch: Disabled
 Parallel Workers: 6
 Concurrent Workers: 2
 Concurrent Refinement Workers: 6
 Periodic GC: Disabled

Heap:
 garbage-first heap   total 120832K, used 1024K [0x000000008a000000, 0x0000000100000000)
  region size 1024K, 2 young (2048K), 0 survivors (0K)
 Metaspace       used 4725K, committed 4800K, reserved 1114112K
  class space    used 362K, committed 384K, reserved 1048576K

Heap Regions: E=young(eden), S=young(survivor), O=old, HS=humongous(starts), HC=humongous(continues), CS=collection set, F=free, OA=open archive, CA=closed archive, TAMS=top-at-mark-start, PB=parsable bottom
|   0|0x000000008a000000, 0x000000008a000000, 0x000000008a100000|  0%| F|  |TAMS 0x000000008a000000| PB 0x000000008a000000| Untracked 
|   1|0x000000008a100000, 0x000000008a100000, 0x000000008a200000|  0%| F|  |TAMS 0x000000008a100000| PB 0x000000008a100000| Untracked 
|   2|0x000000008a200000, 0x000000008a200000, 0x000000008a300000|  0%| F|  |TAMS 0x000000008a200000| PB 0x000000008a200000| Untracked 
|   3|0x000000008a300000, 0x000000008a300000, 0x000000008a400000|  0%| F|  |TAMS 0x000000008a300000| PB 0x000000008a300000| Untracked 
|   4|0x000000008a400000, 0x000000008a400000, 0x000000008a500000|  0%| F|  |TAMS 0x000000008a400000| PB 0x000000008a400000| Untracked 
|   5|0x000000008a500000, 0x000000008a500000, 0x000000008a600000|  0%| F|  |TAMS 0x000000008a500000| PB 0x000000008a500000| Untracked 
|   6|0x000000008a600000, 0x000000008a600000, 0x000000008a700000|  0%| F|  |TAMS 0x000000008a600000| PB 0x000000008a600000| Untracked 
|   7|0x000000008a700000, 0x000000008a700000, 0x000000008a800000|  0%| F|  |TAMS 0x000000008a700000| PB 0x000000008a700000| Untracked 
|   8|0x000000008a800000, 0x000000008a800000, 0x000000008a900000|  0%| F|  |TAMS 0x000000008a800000| PB 0x000000008a800000| Untracked 
|   9|0x000000008a900000, 0x000000008a900000, 0x000000008aa00000|  0%| F|  |TAMS 0x000000008a900000| PB 0x000000008a900000| Untracked 
|  10|0x000000008aa00000, 0x000000008aa00000, 0x000000008ab00000|  0%| F|  |TAMS 0x000000008aa00000| PB 0x000000008aa00000| Untracked 
|  11|0x000000008ab00000, 0x000000008ab00000, 0x000000008ac00000|  0%| F|  |TAMS 0x000000008ab00000| PB 0x000000008ab00000| Untracked 
|  12|0x000000008ac00000, 0x000000008ac00000, 0x000000008ad00000|  0%| F|  |TAMS 0x000000008ac00000| PB 0x000000008ac00000| Untracked 
|  13|0x000000008ad00000, 0x000000008ad00000, 0x000000008ae00000|  0%| F|  |TAMS 0x000000008ad00000| PB 0x000000008ad00000| Untracked 
|  14|0x000000008ae00000, 0x000000008ae00000, 0x000000008af00000|  0%| F|  |TAMS 0x000000008ae00000| PB 0x000000008ae00000| Untracked 
|  15|0x000000008af00000, 0x000000008af00000, 0x000000008b000000|  0%| F|  |TAMS 0x000000008af00000| PB 0x000000008af00000| Untracked 
|  16|0x000000008b000000, 0x000000008b000000, 0x000000008b100000|  0%| F|  |TAMS 0x000000008b000000| PB 0x000000008b000000| Untracked 
|  17|0x000000008b100000, 0x000000008b100000, 0x000000008b200000|  0%| F|  |TAMS 0x000000008b100000| PB 0x000000008b100000| Untracked 
|  18|0x000000008b200000, 0x000000008b200000, 0x000000008b300000|  0%| F|  |TAMS 0x000000008b200000| PB 0x000000008b200000| Untracked 
|  19|0x000000008b300000, 0x000000008b300000, 0x000000008b400000|  0%| F|  |TAMS 0x000000008b300000| PB 0x000000008b300000| Untracked 
|  20|0x000000008b400000, 0x000000008b400000, 0x000000008b500000|  0%| F|  |TAMS 0x000000008b400000| PB 0x000000008b400000| Untracked 
|  21|0x000000008b500000, 0x000000008b500000, 0x000000008b600000|  0%| F|  |TAMS 0x000000008b500000| PB 0x000000008b500000| Untracked 
|  22|0x000000008b600000, 0x000000008b600000, 0x000000008b700000|  0%| F|  |TAMS 0x000000008b600000| PB 0x000000008b600000| Untracked 
|  23|0x000000008b700000, 0x000000008b700000, 0x000000008b800000|  0%| F|  |TAMS 0x000000008b700000| PB 0x000000008b700000| Untracked 
|  24|0x000000008b800000, 0x000000008b800000, 0x000000008b900000|  0%| F|  |TAMS 0x000000008b800000| PB 0x000000008b800000| Untracked 
|  25|0x000000008b900000, 0x000000008b900000, 0x000000008ba00000|  0%| F|  |TAMS 0x000000008b900000| PB 0x000000008b900000| Untracked 
|  26|0x000000008ba00000, 0x000000008ba00000, 0x000000008bb00000|  0%| F|  |TAMS 0x000000008ba00000| PB 0x000000008ba00000| Untracked 
|  27|0x000000008bb00000, 0x000000008bb00000, 0x000000008bc00000|  0%| F|  |TAMS 0x000000008bb00000| PB 0x000000008bb00000| Untracked 
|  28|0x000000008bc00000, 0x000000008bc00000, 0x000000008bd00000|  0%| F|  |TAMS 0x000000008bc00000| PB 0x000000008bc00000| Untracked 
|  29|0x000000008bd00000, 0x000000008bd00000, 0x000000008be00000|  0%| F|  |TAMS 0x000000008bd00000| PB 0x000000008bd00000| Untracked 
|  30|0x000000008be00000, 0x000000008be00000, 0x000000008bf00000|  0%| F|  |TAMS 0x000000008be00000| PB 0x000000008be00000| Untracked 
|  31|0x000000008bf00000, 0x000000008bf00000, 0x000000008c000000|  0%| F|  |TAMS 0x000000008bf00000| PB 0x000000008bf00000| Untracked 
|  32|0x000000008c000000, 0x000000008c000000, 0x000000008c100000|  0%| F|  |TAMS 0x000000008c000000| PB 0x000000008c000000| Untracked 
|  33|0x000000008c100000, 0x000000008c100000, 0x000000008c200000|  0%| F|  |TAMS 0x000000008c100000| PB 0x000000008c100000| Untracked 
|  34|0x000000008c200000, 0x000000008c200000, 0x000000008c300000|  0%| F|  |TAMS 0x000000008c200000| PB 0x000000008c200000| Untracked 
|  35|0x000000008c300000, 0x000000008c300000, 0x000000008c400000|  0%| F|  |TAMS 0x000000008c300000| PB 0x000000008c300000| Untracked 
|  36|0x000000008c400000, 0x000000008c400000, 0x000000008c500000|  0%| F|  |TAMS 0x000000008c400000| PB 0x000000008c400000| Untracked 
|  37|0x000000008c500000, 0x000000008c500000, 0x000000008c600000|  0%| F|  |TAMS 0x000000008c500000| PB 0x000000008c500000| Untracked 
|  38|0x000000008c600000, 0x000000008c600000, 0x000000008c700000|  0%| F|  |TAMS 0x000000008c600000| PB 0x000000008c600000| Untracked 
|  39|0x000000008c700000, 0x000000008c700000, 0x000000008c800000|  0%| F|  |TAMS 0x000000008c700000| PB 0x000000008c700000| Untracked 
|  40|0x000000008c800000, 0x000000008c800000, 0x000000008c900000|  0%| F|  |TAMS 0x000000008c800000| PB 0x000000008c800000| Untracked 
|  41|0x000000008c900000, 0x000000008c900000, 0x000000008ca00000|  0%| F|  |TAMS 0x000000008c900000| PB 0x000000008c900000| Untracked 
|  42|0x000000008ca00000, 0x000000008ca00000, 0x000000008cb00000|  0%| F|  |TAMS 0x000000008ca00000| PB 0x000000008ca00000| Untracked 
|  43|0x000000008cb00000, 0x000000008cb00000, 0x000000008cc00000|  0%| F|  |TAMS 0x000000008cb00000| PB 0x000000008cb00000| Untracked 
|  44|0x000000008cc00000, 0x000000008cc00000, 0x000000008cd00000|  0%| F|  |TAMS 0x000000008cc00000| PB 0x000000008cc00000| Untracked 
|  45|0x000000008cd00000, 0x000000008cd00000, 0x000000008ce00000|  0%| F|  |TAMS 0x000000008cd00000| PB 0x000000008cd00000| Untracked 
|  46|0x000000008ce00000, 0x000000008ce00000, 0x000000008cf00000|  0%| F|  |TAMS 0x000000008ce00000| PB 0x000000008ce00000| Untracked 
|  47|0x000000008cf00000, 0x000000008cf00000, 0x000000008d000000|  0%| F|  |TAMS 0x000000008cf00000| PB 0x000000008cf00000| Untracked 
|  48|0x000000008d000000, 0x000000008d000000, 0x000000008d100000|  0%| F|  |TAMS 0x000000008d000000| PB 0x000000008d000000| Untracked 
|  49|0x000000008d100000, 0x000000008d100000, 0x000000008d200000|  0%| F|  |TAMS 0x000000008d100000| PB 0x000000008d100000| Untracked 
|  50|0x000000008d200000, 0x000000008d200000, 0x000000008d300000|  0%| F|  |TAMS 0x000000008d200000| PB 0x000000008d200000| Untracked 
|  51|0x000000008d300000, 0x000000008d300000, 0x000000008d400000|  0%| F|  |TAMS 0x000000008d300000| PB 0x000000008d300000| Untracked 
|  52|0x000000008d400000, 0x000000008d400000, 0x000000008d500000|  0%| F|  |TAMS 0x000000008d400000| PB 0x000000008d400000| Untracked 
|  53|0x000000008d500000, 0x000000008d500000, 0x000000008d600000|  0%| F|  |TAMS 0x000000008d500000| PB 0x000000008d500000| Untracked 
|  54|0x000000008d600000, 0x000000008d600000, 0x000000008d700000|  0%| F|  |TAMS 0x000000008d600000| PB 0x000000008d600000| Untracked 
|  55|0x000000008d700000, 0x000000008d700000, 0x000000008d800000|  0%| F|  |TAMS 0x000000008d700000| PB 0x000000008d700000| Untracked 
|  56|0x000000008d800000, 0x000000008d800000, 0x000000008d900000|  0%| F|  |TAMS 0x000000008d800000| PB 0x000000008d800000| Untracked 
|  57|0x000000008d900000, 0x000000008d900000, 0x000000008da00000|  0%| F|  |TAMS 0x000000008d900000| PB 0x000000008d900000| Untracked 
|  58|0x000000008da00000, 0x000000008da00000, 0x000000008db00000|  0%| F|  |TAMS 0x000000008da00000| PB 0x000000008da00000| Untracked 
|  59|0x000000008db00000, 0x000000008db00000, 0x000000008dc00000|  0%| F|  |TAMS 0x000000008db00000| PB 0x000000008db00000| Untracked 
|  60|0x000000008dc00000, 0x000000008dc00000, 0x000000008dd00000|  0%| F|  |TAMS 0x000000008dc00000| PB 0x000000008dc00000| Untracked 
|  61|0x000000008dd00000, 0x000000008dd00000, 0x000000008de00000|  0%| F|  |TAMS 0x000000008dd00000| PB 0x000000008dd00000| Untracked 
|  62|0x000000008de00000, 0x000000008de00000, 0x000000008df00000|  0%| F|  |TAMS 0x000000008de00000| PB 0x000000008de00000| Untracked 
|  63|0x000000008df00000, 0x000000008df00000, 0x000000008e000000|  0%| F|  |TAMS 0x000000008df00000| PB 0x000000008df00000| Untracked 
|  64|0x000000008e000000, 0x000000008e000000, 0x000000008e100000|  0%| F|  |TAMS 0x000000008e000000| PB 0x000000008e000000| Untracked 
|  65|0x000000008e100000, 0x000000008e100000, 0x000000008e200000|  0%| F|  |TAMS 0x000000008e100000| PB 0x000000008e100000| Untracked 
|  66|0x000000008e200000, 0x000000008e200000, 0x000000008e300000|  0%| F|  |TAMS 0x000000008e200000| PB 0x000000008e200000| Untracked 
|  67|0x000000008e300000, 0x000000008e300000, 0x000000008e400000|  0%| F|  |TAMS 0x000000008e300000| PB 0x000000008e300000| Untracked 
|  68|0x000000008e400000, 0x000000008e400000, 0x000000008e500000|  0%| F|  |TAMS 0x000000008e400000| PB 0x000000008e400000| Untracked 
|  69|0x000000008e500000, 0x000000008e500000, 0x000000008e600000|  0%| F|  |TAMS 0x000000008e500000| PB 0x000000008e500000| Untracked 
|  70|0x000000008e600000, 0x000000008e600000, 0x000000008e700000|  0%| F|  |TAMS 0x000000008e600000| PB 0x000000008e600000| Untracked 
|  71|0x000000008e700000, 0x000000008e700000, 0x000000008e800000|  0%| F|  |TAMS 0x000000008e700000| PB 0x000000008e700000| Untracked 
|  72|0x000000008e800000, 0x000000008e800000, 0x000000008e900000|  0%| F|  |TAMS 0x000000008e800000| PB 0x000000008e800000| Untracked 
|  73|0x000000008e900000, 0x000000008e900000, 0x000000008ea00000|  0%| F|  |TAMS 0x000000008e900000| PB 0x000000008e900000| Untracked 
|  74|0x000000008ea00000, 0x000000008ea00000, 0x000000008eb00000|  0%| F|  |TAMS 0x000000008ea00000| PB 0x000000008ea00000| Untracked 
|  75|0x000000008eb00000, 0x000000008eb00000, 0x000000008ec00000|  0%| F|  |TAMS 0x000000008eb00000| PB 0x000000008eb00000| Untracked 
|  76|0x000000008ec00000, 0x000000008ec00000, 0x000000008ed00000|  0%| F|  |TAMS 0x000000008ec00000| PB 0x000000008ec00000| Untracked 
|  77|0x000000008ed00000, 0x000000008ed00000, 0x000000008ee00000|  0%| F|  |TAMS 0x000000008ed00000| PB 0x000000008ed00000| Untracked 
|  78|0x000000008ee00000, 0x000000008ee00000, 0x000000008ef00000|  0%| F|  |TAMS 0x000000008ee00000| PB 0x000000008ee00000| Untracked 
|  79|0x000000008ef00000, 0x000000008ef00000, 0x000000008f000000|  0%| F|  |TAMS 0x000000008ef00000| PB 0x000000008ef00000| Untracked 
|  80|0x000000008f000000, 0x000000008f000000, 0x000000008f100000|  0%| F|  |TAMS 0x000000008f000000| PB 0x000000008f000000| Untracked 
|  81|0x000000008f100000, 0x000000008f100000, 0x000000008f200000|  0%| F|  |TAMS 0x000000008f100000| PB 0x000000008f100000| Untracked 
|  82|0x000000008f200000, 0x000000008f200000, 0x000000008f300000|  0%| F|  |TAMS 0x000000008f200000| PB 0x000000008f200000| Untracked 
|  83|0x000000008f300000, 0x000000008f300000, 0x000000008f400000|  0%| F|  |TAMS 0x000000008f300000| PB 0x000000008f300000| Untracked 
|  84|0x000000008f400000, 0x000000008f400000, 0x000000008f500000|  0%| F|  |TAMS 0x000000008f400000| PB 0x000000008f400000| Untracked 
|  85|0x000000008f500000, 0x000000008f500000, 0x000000008f600000|  0%| F|  |TAMS 0x000000008f500000| PB 0x000000008f500000| Untracked 
|  86|0x000000008f600000, 0x000000008f600000, 0x000000008f700000|  0%| F|  |TAMS 0x000000008f600000| PB 0x000000008f600000| Untracked 
|  87|0x000000008f700000, 0x000000008f700000, 0x000000008f800000|  0%| F|  |TAMS 0x000000008f700000| PB 0x000000008f700000| Untracked 
|  88|0x000000008f800000, 0x000000008f800000, 0x000000008f900000|  0%| F|  |TAMS 0x000000008f800000| PB 0x000000008f800000| Untracked 
|  89|0x000000008f900000, 0x000000008f900000, 0x000000008fa00000|  0%| F|  |TAMS 0x000000008f900000| PB 0x000000008f900000| Untracked 
|  90|0x000000008fa00000, 0x000000008fa00000, 0x000000008fb00000|  0%| F|  |TAMS 0x000000008fa00000| PB 0x000000008fa00000| Untracked 
|  91|0x000000008fb00000, 0x000000008fb00000, 0x000000008fc00000|  0%| F|  |TAMS 0x000000008fb00000| PB 0x000000008fb00000| Untracked 
|  92|0x000000008fc00000, 0x000000008fc00000, 0x000000008fd00000|  0%| F|  |TAMS 0x000000008fc00000| PB 0x000000008fc00000| Untracked 
|  93|0x000000008fd00000, 0x000000008fd00000, 0x000000008fe00000|  0%| F|  |TAMS 0x000000008fd00000| PB 0x000000008fd00000| Untracked 
|  94|0x000000008fe00000, 0x000000008fe00000, 0x000000008ff00000|  0%| F|  |TAMS 0x000000008fe00000| PB 0x000000008fe00000| Untracked 
|  95|0x000000008ff00000, 0x000000008ff00000, 0x0000000090000000|  0%| F|  |TAMS 0x000000008ff00000| PB 0x000000008ff00000| Untracked 
|  96|0x0000000090000000, 0x0000000090000000, 0x0000000090100000|  0%| F|  |TAMS 0x0000000090000000| PB 0x0000000090000000| Untracked 
|  97|0x0000000090100000, 0x0000000090100000, 0x0000000090200000|  0%| F|  |TAMS 0x0000000090100000| PB 0x0000000090100000| Untracked 
|  98|0x0000000090200000, 0x0000000090200000, 0x0000000090300000|  0%| F|  |TAMS 0x0000000090200000| PB 0x0000000090200000| Untracked 
|  99|0x0000000090300000, 0x0000000090300000, 0x0000000090400000|  0%| F|  |TAMS 0x0000000090300000| PB 0x0000000090300000| Untracked 
| 100|0x0000000090400000, 0x0000000090400000, 0x0000000090500000|  0%| F|  |TAMS 0x0000000090400000| PB 0x0000000090400000| Untracked 
| 101|0x0000000090500000, 0x0000000090500000, 0x0000000090600000|  0%| F|  |TAMS 0x0000000090500000| PB 0x0000000090500000| Untracked 
| 102|0x0000000090600000, 0x0000000090600000, 0x0000000090700000|  0%| F|  |TAMS 0x0000000090600000| PB 0x0000000090600000| Untracked 
| 103|0x0000000090700000, 0x0000000090700000, 0x0000000090800000|  0%| F|  |TAMS 0x0000000090700000| PB 0x0000000090700000| Untracked 
| 104|0x0000000090800000, 0x0000000090800000, 0x0000000090900000|  0%| F|  |TAMS 0x0000000090800000| PB 0x0000000090800000| Untracked 
| 105|0x0000000090900000, 0x0000000090900000, 0x0000000090a00000|  0%| F|  |TAMS 0x0000000090900000| PB 0x0000000090900000| Untracked 
| 106|0x0000000090a00000, 0x0000000090a00000, 0x0000000090b00000|  0%| F|  |TAMS 0x0000000090a00000| PB 0x0000000090a00000| Untracked 
| 107|0x0000000090b00000, 0x0000000090b00000, 0x0000000090c00000|  0%| F|  |TAMS 0x0000000090b00000| PB 0x0000000090b00000| Untracked 
| 108|0x0000000090c00000, 0x0000000090c00000, 0x0000000090d00000|  0%| F|  |TAMS 0x0000000090c00000| PB 0x0000000090c00000| Untracked 
| 109|0x0000000090d00000, 0x0000000090d00000, 0x0000000090e00000|  0%| F|  |TAMS 0x0000000090d00000| PB 0x0000000090d00000| Untracked 
| 110|0x0000000090e00000, 0x0000000090e00000, 0x0000000090f00000|  0%| F|  |TAMS 0x0000000090e00000| PB 0x0000000090e00000| Untracked 
| 111|0x0000000090f00000, 0x0000000090f00000, 0x0000000091000000|  0%| F|  |TAMS 0x0000000090f00000| PB 0x0000000090f00000| Untracked 
| 112|0x0000000091000000, 0x0000000091000000, 0x0000000091100000|  0%| F|  |TAMS 0x0000000091000000| PB 0x0000000091000000| Untracked 
| 113|0x0000000091100000, 0x0000000091100000, 0x0000000091200000|  0%| F|  |TAMS 0x0000000091100000| PB 0x0000000091100000| Untracked 
| 114|0x0000000091200000, 0x0000000091200000, 0x0000000091300000|  0%| F|  |TAMS 0x0000000091200000| PB 0x0000000091200000| Untracked 
| 115|0x0000000091300000, 0x0000000091300000, 0x0000000091400000|  0%| F|  |TAMS 0x0000000091300000| PB 0x0000000091300000| Untracked 
| 116|0x0000000091400000, 0x00000000914d78e8, 0x0000000091500000| 84%| E|  |TAMS 0x0000000091400000| PB 0x0000000091400000| Complete 
| 117|0x0000000091500000, 0x0000000091600000, 0x0000000091600000|100%| E|CS|TAMS 0x0000000091500000| PB 0x0000000091500000| Complete 

Card table byte_map: [0x000001a4a6410000,0x000001a4a67c0000] _byte_map_base: 0x000001a4a5fc0000

Marking Bits: (CMBitMap*) 0x000001a48eed4360
 Bits: [0x000001a4a6b70000, 0x000001a4a88f0000)

Polling page: 0x000001a48cdd0000

Metaspace:

Usage:
  Non-class:      4.26 MB used.
      Class:    362.38 KB used.
       Both:      4.61 MB used.

Virtual space:
  Non-class space:       64.00 MB reserved,       4.31 MB (  7%) committed,  1 nodes.
      Class space:        1.00 GB reserved,     384.00 KB ( <1%) committed,  1 nodes.
             Both:        1.06 GB reserved,       4.69 MB ( <1%) committed. 

Chunk freelists:
   Non-Class:  3.00 MB
       Class:  3.62 MB
        Both:  6.62 MB

MaxMetaspaceSize: unlimited
CompressedClassSpaceSize: 1.00 GB
Initial GC threshold: 21.00 MB
Current GC threshold: 21.00 MB
CDS: off
MetaspaceReclaimPolicy: balanced
 - commit_granule_bytes: 65536.
 - commit_granule_words: 8192.
 - virtual_space_node_default_size: 8388608.
 - enlarge_chunks_in_place: 1.
 - new_chunks_are_fully_committed: 0.
 - uncommit_free_chunks: 1.
 - use_allocation_guard: 0.


Internal statistics:

num_allocs_failed_limit: 0.
num_arena_births: 2.
num_arena_deaths: 0.
num_vsnodes_births: 2.
num_vsnodes_deaths: 0.
num_space_committed: 75.
num_space_uncommitted: 0.
num_chunks_returned_to_freelist: 0.
num_chunks_taken_from_freelist: 5.
num_chunk_merges: 0.
num_chunk_splits: 2.
num_chunks_enlarged: 0.
num_inconsistent_stats: 0.

CodeHeap 'non-profiled nmethods': size=120000Kb used=6Kb max_used=6Kb free=119993Kb
 bounds [0x000001a49ea20000, 0x000001a49ec90000, 0x000001a4a5f50000]
CodeHeap 'profiled nmethods': size=120000Kb used=49Kb max_used=49Kb free=119950Kb
 bounds [0x000001a496f50000, 0x000001a4971c0000, 0x000001a49e480000]
CodeHeap 'non-nmethods': size=5760Kb used=1260Kb max_used=1260Kb free=4499Kb
 bounds [0x000001a49e480000, 0x000001a49e6f0000, 0x000001a49ea20000]
 total_blobs=365 nmethods=37 adapters=239
 compilation: enabled
              stopped_count=0, restarted_count=0
 full_count=0

Compilation events (20 events):
Event: 0.133 Thread 0x000001a4af45dd00 nmethod 24 0x000001a496f56d10 code [0x000001a496f56ea0, 0x000001a496f57020]
Event: 0.133 Thread 0x000001a4af45dd00   25       3       java.net.URI::hash (33 bytes)
Event: 0.133 Thread 0x000001a4af45dd00 nmethod 25 0x000001a496f57090 code [0x000001a496f57280, 0x000001a496f57718]
Event: 0.133 Thread 0x000001a4af45dd00   23       1       java.lang.module.ModuleReference::descriptor (5 bytes)
Event: 0.133 Thread 0x000001a4af45dd00 nmethod 23 0x000001a49ea20a10 code [0x000001a49ea20b80, 0x000001a49ea20c48]
Event: 0.135 Thread 0x000001a4af45dd00   26       3       java.util.HashMap::hash (20 bytes)
Event: 0.135 Thread 0x000001a4af45dd00 nmethod 26 0x000001a496f57910 code [0x000001a496f57aa0, 0x000001a496f57ca0]
Event: 0.137 Thread 0x000001a4af45dd00   27       3       java.lang.String::isEmpty (14 bytes)
Event: 0.138 Thread 0x000001a4af45dd00 nmethod 27 0x000001a496f57d90 code [0x000001a496f57f20, 0x000001a496f58098]
Event: 0.141 Thread 0x000001a4af45dd00   28       3       java.lang.StringLatin1::indexOfChar (33 bytes)
Event: 0.142 Thread 0x000001a4af45dd00 nmethod 28 0x000001a496f58190 code [0x000001a496f58320, 0x000001a496f58558]
Event: 0.146 Thread 0x000001a4af45dd00   29       3       java.util.ImmutableCollections$SetN$SetNIterator::hasNext (13 bytes)
Event: 0.147 Thread 0x000001a4af45dd00 nmethod 29 0x000001a496f58690 code [0x000001a496f58820, 0x000001a496f58990]
Event: 0.147 Thread 0x000001a4af45dd00   30       3       java.util.concurrent.ConcurrentHashMap::tabAt (22 bytes)
Event: 0.147 Thread 0x000001a4af45dd00 nmethod 30 0x000001a496f58a10 code [0x000001a496f58ba0, 0x000001a496f58e70]
Event: 0.147 Thread 0x000001a4af45dd00   32       3       java.util.ImmutableCollections$SetN$SetNIterator::next (90 bytes)
Event: 0.148 Thread 0x000001a4af45dd00 nmethod 32 0x000001a496f58f90 code [0x000001a496f59140, 0x000001a496f59460]
Event: 0.148 Thread 0x000001a4af45dd00   31       3       jdk.internal.misc.Unsafe::getReferenceAcquire (7 bytes)
Event: 0.148 Thread 0x000001a4af45dd00 nmethod 31 0x000001a496f59610 code [0x000001a496f597a0, 0x000001a496f59908]
Event: 0.169 Thread 0x000001a4af45dd00   35   !   3       java.util.concurrent.ConcurrentHashMap::putVal (432 bytes)

GC Heap History (0 events):
No events

Dll operation events (2 events):
Event: 0.014 Loaded shared library C:\Program Files\Java\jdk-20\bin\java.dll
Event: 0.048 Loaded shared library C:\Program Files\Java\jdk-20\bin\jsvml.dll

Deoptimization events (0 events):
No events

Classes loaded (20 events):
Event: 0.165 Loading class java/lang/invoke/InvokerBytecodeGenerator$2
Event: 0.165 Loading class java/lang/invoke/InvokerBytecodeGenerator$2 done
Event: 0.165 Loading class java/lang/invoke/MethodHandleImpl$Intrinsic
Event: 0.165 Loading class java/lang/invoke/MethodHandleImpl$Intrinsic done
Event: 0.166 Loading class java/lang/invoke/BoundMethodHandle
Event: 0.166 Loading class java/lang/invoke/BoundMethodHandle done
Event: 0.166 Loading class java/lang/invoke/BoundMethodHandle$Specializer
Event: 0.167 Loading class java/lang/invoke/ClassSpecializer
Event: 0.167 Loading class java/lang/invoke/ClassSpecializer done
Event: 0.167 Loading class java/lang/invoke/BoundMethodHandle$Specializer done
Event: 0.167 Loading class java/lang/invoke/ClassSpecializer$1
Event: 0.167 Loading class java/lang/invoke/ClassSpecializer$1 done
Event: 0.167 Loading class java/lang/invoke/BoundMethodHandle$SpeciesData
Event: 0.168 Loading class java/lang/invoke/ClassSpecializer$SpeciesData
Event: 0.168 Loading class java/lang/invoke/ClassSpecializer$SpeciesData done
Event: 0.168 Loading class java/lang/invoke/BoundMethodHandle$SpeciesData done
Event: 0.169 Loading class java/lang/invoke/BoundMethodHandle$Specializer$Factory
Event: 0.169 Loading class java/lang/invoke/ClassSpecializer$Factory
Event: 0.170 Loading class java/lang/invoke/ClassSpecializer$Factory done
Event: 0.170 Loading class java/lang/invoke/BoundMethodHandle$Specializer$Factory done

Classes unloaded (0 events):
No events

Classes redefined (0 events):
No events

Internal exceptions (0 events):
No events

VM Operations (0 events):
No events

Events (9 events):
Event: 0.048 Thread 0x000001a48ee7a0d0 Thread added: 0x000001a48ee7a0d0
Event: 0.084 Thread 0x000001a4af40b090 Thread added: 0x000001a4af40b090
Event: 0.084 Thread 0x000001a4af40c9e0 Thread added: 0x000001a4af40c9e0
Event: 0.086 Thread 0x000001a4af44a4b0 Thread added: 0x000001a4af44a4b0
Event: 0.086 Thread 0x000001a4af44c610 Thread added: 0x000001a4af44c610
Event: 0.086 Thread 0x000001a4af44d360 Thread added: 0x000001a4af44d360
Event: 0.086 Thread 0x000001a4af44dca0 Thread added: 0x000001a4af44dca0
Event: 0.086 Thread 0x000001a4af44e910 Thread added: 0x000001a4af44e910
Event: 0.086 Thread 0x000001a4af45dd00 Thread added: 0x000001a4af45dd00


Dynamic libraries:
0x00007ff663a50000 - 0x00007ff663a60000 	C:\Program Files\Java\jdk-20\bin\java.exe
0x00007ffcb5f70000 - 0x00007ffcb6187000 	C:\WINDOWS\SYSTEM32\ntdll.dll
0x00007ffcb4bf0000 - 0x00007ffcb4cb4000 	C:\WINDOWS\System32\KERNEL32.DLL
0x00007ffcb3350000 - 0x00007ffcb36f6000 	C:\WINDOWS\System32\KERNELBASE.dll
0x00007ffcb3b20000 - 0x00007ffcb3c31000 	C:\WINDOWS\System32\ucrtbase.dll
0x00007ffca1640000 - 0x00007ffca1659000 	C:\Program Files\Java\jdk-20\bin\jli.dll
0x00007ffcabe30000 - 0x00007ffcabe4b000 	C:\Program Files\Java\jdk-20\bin\VCRUNTIME140.dll
0x00007ffcb5930000 - 0x00007ffcb59e1000 	C:\WINDOWS\System32\ADVAPI32.dll
0x00007ffcb4cc0000 - 0x00007ffcb4d67000 	C:\WINDOWS\System32\msvcrt.dll
0x00007ffcb3e80000 - 0x00007ffcb3f25000 	C:\WINDOWS\System32\sechost.dll
0x00007ffcb5810000 - 0x00007ffcb5927000 	C:\WINDOWS\System32\RPCRT4.dll
0x00007ffcb4a40000 - 0x00007ffcb4bee000 	C:\WINDOWS\System32\USER32.dll
0x00007ffcb3af0000 - 0x00007ffcb3b16000 	C:\WINDOWS\System32\win32u.dll
0x00007ffcb5c40000 - 0x00007ffcb5c69000 	C:\WINDOWS\System32\GDI32.dll
0x00007ffcb3700000 - 0x00007ffcb3818000 	C:\WINDOWS\System32\gdi32full.dll
0x00007ffcb3990000 - 0x00007ffcb3a2a000 	C:\WINDOWS\System32\msvcp_win.dll
0x00007ffca0bf0000 - 0x00007ffca0e83000 	C:\WINDOWS\WinSxS\amd64_microsoft.windows.common-controls_6595b64144ccf1df_6.0.22621.2506_none_270c5ae97388e100\COMCTL32.dll
0x00007ffca8d40000 - 0x00007ffca8d4a000 	C:\WINDOWS\SYSTEM32\VERSION.dll
0x00007ffcb5240000 - 0x00007ffcb5271000 	C:\WINDOWS\System32\IMM32.DLL
0x00007ffca7a90000 - 0x00007ffca7a9c000 	C:\Program Files\Java\jdk-20\bin\vcruntime140_1.dll
0x00007ffc4ab60000 - 0x00007ffc4abee000 	C:\Program Files\Java\jdk-20\bin\msvcp140.dll
0x00007ffc3caf0000 - 0x00007ffc3d788000 	C:\Program Files\Java\jdk-20\bin\server\jvm.dll
0x00007ffcab650000 - 0x00007ffcab659000 	C:\WINDOWS\SYSTEM32\WSOCK32.dll
0x00007ffcb59f0000 - 0x00007ffcb5a61000 	C:\WINDOWS\System32\WS2_32.dll
0x00007ffcab780000 - 0x00007ffcab7b4000 	C:\WINDOWS\SYSTEM32\WINMM.dll
0x00007ffcb22e0000 - 0x00007ffcb22f8000 	C:\WINDOWS\SYSTEM32\kernel.appcore.dll
0x00007ffca4b50000 - 0x00007ffca4b5a000 	C:\Program Files\Java\jdk-20\bin\jimage.dll
0x00007ffca9b50000 - 0x00007ffca9d83000 	C:\WINDOWS\SYSTEM32\DBGHELP.DLL
0x00007ffcb5290000 - 0x00007ffcb5619000 	C:\WINDOWS\System32\combase.dll
0x00007ffcb5a70000 - 0x00007ffcb5b47000 	C:\WINDOWS\System32\OLEAUT32.dll
0x00007ffc9dd10000 - 0x00007ffc9dd42000 	C:\WINDOWS\SYSTEM32\dbgcore.DLL
0x00007ffcb3c40000 - 0x00007ffcb3cba000 	C:\WINDOWS\System32\bcryptPrimitives.dll
0x00007ffca4a00000 - 0x00007ffca4a26000 	C:\Program Files\Java\jdk-20\bin\java.dll
0x00007ffc86e40000 - 0x00007ffc86f17000 	C:\Program Files\Java\jdk-20\bin\jsvml.dll
0x00007ffcb40e0000 - 0x00007ffcb493a000 	C:\WINDOWS\System32\SHELL32.dll
0x00007ffcb11b0000 - 0x00007ffcb1aa6000 	C:\WINDOWS\SYSTEM32\windows.storage.dll
0x00007ffcb1070000 - 0x00007ffcb11ae000 	C:\WINDOWS\SYSTEM32\wintypes.dll
0x00007ffcb5e30000 - 0x00007ffcb5f23000 	C:\WINDOWS\System32\SHCORE.dll
0x00007ffcb3e20000 - 0x00007ffcb3e7e000 	C:\WINDOWS\System32\shlwapi.dll
0x00007ffcb3210000 - 0x00007ffcb3236000 	C:\WINDOWS\SYSTEM32\profapi.dll

dbghelp: loaded successfully - version: 4.0.5 - missing functions: none
symbol engine: initialized successfully - sym options: 0x614 - pdb path: .;C:\Program Files\Java\jdk-20\bin;C:\WINDOWS\SYSTEM32;C:\WINDOWS\WinSxS\amd64_microsoft.windows.common-controls_6595b64144ccf1df_6.0.22621.2506_none_270c5ae97388e100;C:\Program Files\Java\jdk-20\bin\server

VM Arguments:
jvm_args: -Dfile.encoding=UTF-8 --module-path=C:\Users\acer\Desktop\Java Project\Bank Management System\build\classes 
java_command: bank.management.system.Login
java_class_path (initial): C:\Users\acer\Desktop\jcalendar-tz-1.3.3-4.jar;C:\Users\acer\Desktop\mysql-connector-java-8.0.28.jar;C:\Users\acer\Desktop\Java Project\Bank Management System\build\classes
Launcher Type: SUN_STANDARD

[Global flags]
     intx CICompilerCount                          = 3                                         {product} {ergonomic}
     uint ConcGCThreads                            = 2                                         {product} {ergonomic}
     uint G1ConcRefinementThreads                  = 6                                         {product} {ergonomic}
   size_t G1HeapRegionSize                         = 1048576                                   {product} {ergonomic}
    uintx GCDrainStackTargetSize                   = 64                                        {product} {ergonomic}
   size_t InitialHeapSize                          = 123731968                                 {product} {ergonomic}
   size_t MarkStackSize                            = 4194304                                   {product} {ergonomic}
   size_t MaxHeapSize                              = 1979711488                                {product} {ergonomic}
   size_t MaxNewSize                               = 1186988032                                {product} {ergonomic}
   size_t MinHeapDeltaBytes                        = 1048576                                   {product} {ergonomic}
   size_t MinHeapSize                              = 8388608                                   {product} {ergonomic}
    uintx NonNMethodCodeHeapSize                   = 5832780                                {pd product} {ergonomic}
    uintx NonProfiledCodeHeapSize                  = 122912730                              {pd product} {ergonomic}
    uintx ProfiledCodeHeapSize                     = 122912730                              {pd product} {ergonomic}
    uintx ReservedCodeCacheSize                    = 251658240                              {pd product} {ergonomic}
     bool SegmentedCodeCache                       = true                                      {product} {ergonomic}
   size_t SoftMaxHeapSize                          = 1979711488                             {manageable} {ergonomic}
     bool UseCompressedClassPointers               = true                           {product lp64_product} {ergonomic}
     bool UseCompressedOops                        = true                           {product lp64_product} {ergonomic}
     bool UseG1GC                                  = true                                      {product} {ergonomic}
     bool UseLargePagesIndividualAllocation        = false                                  {pd product} {ergonomic}

Logging:
Log output configuration:
 #0: stdout all=warning uptime,level,tags foldmultilines=false
 #1: stderr all=off uptime,level,tags foldmultilines=false

Environment Variables:
JAVA_HOME=c:\Java
PATH=C:\Program Files\Common Files\Oracle\Java\javapath;C:\Program Files (x86)\Common Files\Oracle\Java\javapath;C:\WINDOWS\system32;C:\WINDOWS;C:\WINDOWS\System32\Wbem;C:\WINDOWS\System32\WindowsPowerShell\v1.0\;C:\WINDOWS\System32\OpenSSH\;C:\Program Files\MySQL\MySQL Server 8.0\bin;C:\Program Files\nodejs\;C:\Program Files\MATLAB\MATLAB Runtime\v912\runtime\win64;C:\Program Files (x86)\dotnet\;C:\Program Files\MongoDB\Server\4.4\bin;C:\Program Files\Git\cmd;C:\Program Files\Git\bin;C:\Program Files\heroku\bin;C:\Users\acer\anaconda3\Library\bin;C:\Program Files\PuTTY\;c:\Java\bin\;C:\Program Files\Graphviz\bin;'C:\Users\acer\AppData\Local\Packages\PythonSoftwareFoundation.Python.3.11_qbz5n2kfra8p0\LocalCache\local-packages\Python311\Scripts;C:\Program Files\PowerShell\7\;C:\Program Files\Python311\Scripts;C:\Users\acer\AppData\Local\Microsoft\WindowsApps;C:\Users\acer\AppData\Local\Programs\Microsoft VS Code\bin;C:\Program Files\Java\jdk-17.0.1\lib\mysql-connector.jar;C:\Users\acer\AppData\Roaming\npm;C:\mingw64\bin;C:\Users\acer\AppData\Local\atom\bin;C:\Program Files\heroku\bin;C:\Program Files\JetBrains\PyCharm Community Edition 2022.3\bin;;C:\apache-cassandra-3.0.28\bin;C:\hbase-3.0.0-alpha-3\bin;C:\Program Files\jdk-19.0.2\bin;C:\Program Files\Java\jdk-17.0.6\bin;C:\Users\acer\AppData\Roaming\Python\Python311\Scripts;;C:\Program Files\JetBrains\IntelliJ IDEA 2023.1.4\bin;
USERNAME=acer
OS=Windows_NT
PROCESSOR_IDENTIFIER=AMD64 Family 23 Model 96 Stepping 1, AuthenticAMD
TMP=C:\Users\acer\AppData\Local\Temp
TEMP=C:\Users\acer\AppData\Local\Temp




---------------  S Y S T E M  ---------------

OS:
 Windows 11 , 64 bit Build 22621 (10.0.22621.2506)
OS uptime: 10 days 1:27 hours
Hyper-V role detected

CPU: total 6 (initial active 6) (6 cores per cpu, 1 threads per core) family 23 model 96 stepping 1 microcode 0x0, cx8, cmov, fxsr, mmx, 3dnowpref, sse, sse2, sse3, ssse3, sse4a, sse4.1, sse4.2, popcnt, lzcnt, tsc, tscinvbit, avx, avx2, aes, clmul, bmi1, bmi2, adx, sha, fma, vzeroupper, clflush, clflushopt, hv, rdtscp, rdpid, f16c

Memory: 4k page, system-wide physical 7549M (788M free)
TotalPageFile size 16616M (AvailPageFile size 3M)
current process WorkingSet (physical memory assigned to process): 27M, peak: 27M
current process commit charge ("private bytes"): 186M, peak: 189M

vm_info: Java HotSpot(TM) 64-Bit Server VM (20.0.2+9-78) for windows-amd64 JRE (20.0.2+9-78), built on 2023-06-14T10:08:48Z by "mach5one" with MS VC++ 17.1 (VS2022)

END.
