#
# There is insufficient memory for the Java Runtime Environment to continue.
# Native memory allocation (mmap) failed to map 123731968 bytes for G1 virtual space
# Possible reasons:
#   The system is out of physical RAM or swap space
#   The process is running with CompressedOops enabled, and the Java Heap may be blocking the growth of the native heap
# Possible solutions:
#   Reduce memory load on the system
#   Increase physical memory or swap space
#   Check if swap backing store is full
#   Decrease Java heap size (-Xmx/-Xms)
#   Decrease number of Java threads
#   Decrease Java thread stack sizes (-Xss)
#   Set larger code cache with -XX:ReservedCodeCacheSize=
#   JVM is running with Unscaled Compressed Oops mode in which the Java heap is
#     placed in the first 4GB address space. The Java Heap base address is the
#     maximum limit for the native heap growth. Please use -XX:HeapBaseMinAddress
#     to set the Java Heap base and to place the Java Heap above 4GB virtual address.
# This output file may be truncated or incomplete.
#
#  Out of Memory Error (os_windows.cpp:3528), pid=1084, tid=2512
#
# JRE version:  (20.0.2+9) (build )
# Java VM: Java HotSpot(TM) 64-Bit Server VM (20.0.2+9-78, mixed mode, sharing, tiered, compressed oops, compressed class ptrs, g1 gc, windows-amd64)
# No core dump will be written. Minidumps are not enabled by default on client versions of Windows
#

---------------  S U M M A R Y ------------

Command Line: -Dfile.encoding=UTF-8 --module-path=C:\Users\acer\Desktop\Java Project\Bank Management System\build\classes bank.management.system.SignupOne

Host: AMD Ryzen 5 4500U with Radeon Graphics         , 6 cores, 7G,  Windows 11 , 64 bit Build 22621 (10.0.22621.2506)
Time: Wed Dec 13 14:49:50 2023 Nepal Standard Time elapsed time: 0.008182 seconds (0d 0h 0m 0s)

---------------  T H R E A D  ---------------

Current thread (0x0000021a0b5b85a0):  JavaThread "Unknown thread" [_thread_in_vm, id=2512, stack(0x0000006fd7000000,0x0000006fd7100000)]

Stack: [0x0000006fd7000000,0x0000006fd7100000]
Native frames: (J=compiled Java code, j=interpreted, Vv=VM code, C=native code)
V  [jvm.dll+0x6bc25a]
V  [jvm.dll+0x84971a]
V  [jvm.dll+0x84b315]
V  [jvm.dll+0x84ba13]
V  [jvm.dll+0x280e4f]
V  [jvm.dll+0x6b8fe9]
V  [jvm.dll+0x6adbca]
V  [jvm.dll+0x35b165]
V  [jvm.dll+0x363386]
V  [jvm.dll+0x3b400e]
V  [jvm.dll+0x3b4295]
V  [jvm.dll+0x32b86a]
V  [jvm.dll+0x32c68b]
V  [jvm.dll+0x8123df]
V  [jvm.dll+0x3c1261]
V  [jvm.dll+0x7fe103]
V  [jvm.dll+0x44ccaf]
V  [jvm.dll+0x44e621]
C  [jli.dll+0x5287]
C  [ucrtbase.dll+0x29363]
C  [KERNEL32.DLL+0x1257d]
C  [ntdll.dll+0x5aa58]


---------------  P R O C E S S  ---------------

Threads class SMR info:
_java_thread_list=0x00007ff92702b118, length=0, elements={
}

Java Threads: ( => current thread )

Other Threads:
  0x0000021a0b614a10 WorkerThread "GC Thread#0" [stack: 0x0000006fd7100000,0x0000006fd7200000] [id=16676]
  0x0000021a0b6245a0 ConcurrentGCThread "G1 Main Marker" [stack: 0x0000006fd7200000,0x0000006fd7300000] [id=5828]
  0x0000021a0b625170 WorkerThread "G1 Conc#0" [stack: 0x0000006fd7300000,0x0000006fd7400000] [id=8824]

[error occurred during error reporting (printing all threads), id 0xc0000005, EXCEPTION_ACCESS_VIOLATION (0xc0000005) at pc=0x00007ff92680eea7]
VM state: not at safepoint (not fully initialized)

VM Mutex/Monitor currently owned by a thread:  ([mutex/lock_event])
[0x0000021a0b5b44c0] Heap_lock - owner thread: 0x0000021a0b5b85a0

Heap address: 0x000000008a000000, size: 1888 MB, Compressed Oops mode: 32-bit

CDS archive(s) mapped at: [0x0000000000000000-0x0000000000000000-0x0000000000000000), size 0, SharedBaseAddress: 0x0000000800000000, ArchiveRelocationMode: 1.
Narrow klass base: 0x0000000000000000, Narrow klass shift: 0, Narrow klass range: 0x0

GC Precious Log:
 CardTable entry size: 512
 Card Set container configuration: InlinePtr #cards 5 size 8 Array Of Cards #cards 12 size 40 Howl #buckets 4 coarsen threshold 1843 Howl Bitmap #cards 512 size 80 coarsen threshold 460 Card regions per heap region 1 cards per card region 2048

Heap:
 garbage-first heap   total 0K, used 0K [0x000000008a000000, 0x0000000100000000)
  region size 1024K, 0 young (0K), 0 survivors (0K)

[error occurred during error reporting (printing heap information), id 0xc0000005, EXCEPTION_ACCESS_VIOLATION (0xc0000005) at pc=0x00007ff926be47b9]
GC Heap History (0 events):
No events

Dll operation events (1 events):
Event: 0.005 Loaded shared library C:\Program Files\Java\jdk-20\bin\java.dll

Deoptimization events (0 events):
No events

Classes loaded (0 events):
No events

Classes unloaded (0 events):
No events

Classes redefined (0 events):
No events

Internal exceptions (0 events):
No events

VM Operations (0 events):
No events

Events (0 events):
No events


Dynamic libraries:
0x00007ff621000000 - 0x00007ff621010000 	C:\Program Files\Java\jdk-20\bin\java.exe
0x00007ff9be7d0000 - 0x00007ff9be9e7000 	C:\WINDOWS\SYSTEM32\ntdll.dll
0x00007ff9bd760000 - 0x00007ff9bd824000 	C:\WINDOWS\System32\KERNEL32.DLL
0x00007ff9bbf00000 - 0x00007ff9bc2a6000 	C:\WINDOWS\System32\KERNELBASE.dll
0x00007ff9bc400000 - 0x00007ff9bc511000 	C:\WINDOWS\System32\ucrtbase.dll
0x00007ff9b5be0000 - 0x00007ff9b5bf9000 	C:\Program Files\Java\jdk-20\bin\jli.dll
0x00007ff9b2540000 - 0x00007ff9b255b000 	C:\Program Files\Java\jdk-20\bin\VCRUNTIME140.dll
0x00007ff9bdb20000 - 0x00007ff9bdbd1000 	C:\WINDOWS\System32\ADVAPI32.dll
0x00007ff9bdbe0000 - 0x00007ff9bdc87000 	C:\WINDOWS\System32\msvcrt.dll
0x00007ff9bddc0000 - 0x00007ff9bde65000 	C:\WINDOWS\System32\sechost.dll
0x00007ff9bd830000 - 0x00007ff9bd947000 	C:\WINDOWS\System32\RPCRT4.dll
0x00007ff9bd310000 - 0x00007ff9bd4be000 	C:\WINDOWS\System32\USER32.dll
0x00007ff99ab50000 - 0x00007ff99ade3000 	C:\WINDOWS\WinSxS\amd64_microsoft.windows.common-controls_6595b64144ccf1df_6.0.22621.2506_none_270c5ae97388e100\COMCTL32.dll
0x00007ff9bc2b0000 - 0x00007ff9bc2d6000 	C:\WINDOWS\System32\win32u.dll
0x00007ff9bd9e0000 - 0x00007ff9bda09000 	C:\WINDOWS\System32\GDI32.dll
0x00007ff9bc2e0000 - 0x00007ff9bc3f8000 	C:\WINDOWS\System32\gdi32full.dll
0x00007ff9bbb40000 - 0x00007ff9bbbda000 	C:\WINDOWS\System32\msvcp_win.dll
0x00007ff9b1ae0000 - 0x00007ff9b1aea000 	C:\WINDOWS\SYSTEM32\VERSION.dll
0x00007ff9bda10000 - 0x00007ff9bda41000 	C:\WINDOWS\System32\IMM32.DLL
0x00007ff9b2530000 - 0x00007ff9b253c000 	C:\Program Files\Java\jdk-20\bin\vcruntime140_1.dll
0x00007ff9922e0000 - 0x00007ff99236e000 	C:\Program Files\Java\jdk-20\bin\msvcp140.dll
0x00007ff9264d0000 - 0x00007ff927168000 	C:\Program Files\Java\jdk-20\bin\server\jvm.dll
0x00007ff99b0d0000 - 0x00007ff99b0d9000 	C:\WINDOWS\SYSTEM32\WSOCK32.dll
0x00007ff9bde70000 - 0x00007ff9bdee1000 	C:\WINDOWS\System32\WS2_32.dll
0x00007ff9b4ac0000 - 0x00007ff9b4af4000 	C:\WINDOWS\SYSTEM32\WINMM.dll
0x00007ff9bab10000 - 0x00007ff9bab28000 	C:\WINDOWS\SYSTEM32\kernel.appcore.dll
0x00007ff9b2520000 - 0x00007ff9b252a000 	C:\Program Files\Java\jdk-20\bin\jimage.dll
0x00007ff9b3840000 - 0x00007ff9b3a73000 	C:\WINDOWS\SYSTEM32\DBGHELP.DLL
0x00007ff9bc520000 - 0x00007ff9bc8a9000 	C:\WINDOWS\System32\combase.dll
0x00007ff9bd4c0000 - 0x00007ff9bd597000 	C:\WINDOWS\System32\OLEAUT32.dll
0x00007ff9b2300000 - 0x00007ff9b2332000 	C:\WINDOWS\SYSTEM32\dbgcore.DLL
0x00007ff9bbbe0000 - 0x00007ff9bbc5a000 	C:\WINDOWS\System32\bcryptPrimitives.dll
0x00007ff9a7270000 - 0x00007ff9a7296000 	C:\Program Files\Java\jdk-20\bin\java.dll

dbghelp: loaded successfully - version: 4.0.5 - missing functions: none
symbol engine: initialized successfully - sym options: 0x614 - pdb path: .;C:\Program Files\Java\jdk-20\bin;C:\WINDOWS\SYSTEM32;C:\WINDOWS\WinSxS\amd64_microsoft.windows.common-controls_6595b64144ccf1df_6.0.22621.2506_none_270c5ae97388e100;C:\Program Files\Java\jdk-20\bin\server

VM Arguments:
jvm_args: -Dfile.encoding=UTF-8 --module-path=C:\Users\acer\Desktop\Java Project\Bank Management System\build\classes 
java_command: bank.management.system.SignupOne
java_class_path (initial): C:\Users\acer\Desktop\jcalendar-tz-1.3.3-4.jar;C:\Users\acer\Desktop\Java Project\Bank Management System\build\classes
Launcher Type: SUN_STANDARD

[Global flags]
     intx CICompilerCount                          = 3                                         {product} {ergonomic}
     uint ConcGCThreads                            = 2                                         {product} {ergonomic}
     uint G1ConcRefinementThreads                  = 6                                         {product} {ergonomic}
   size_t G1HeapRegionSize                         = 1048576                                   {product} {ergonomic}
    uintx GCDrainStackTargetSize                   = 64                                        {product} {ergonomic}
   size_t InitialHeapSize                          = 123731968                                 {product} {ergonomic}
   size_t MarkStackSize                            = 4194304                                   {product} {ergonomic}
   size_t MaxHeapSize                              = 1979711488                                {product} {ergonomic}
   size_t MinHeapDeltaBytes                        = 1048576                                   {product} {ergonomic}
   size_t MinHeapSize                              = 8388608                                   {product} {ergonomic}
    uintx NonNMethodCodeHeapSize                   = 5832780                                {pd product} {ergonomic}
    uintx NonProfiledCodeHeapSize                  = 122912730                              {pd product} {ergonomic}
    uintx ProfiledCodeHeapSize                     = 122912730                              {pd product} {ergonomic}
    uintx ReservedCodeCacheSize                    = 251658240                              {pd product} {ergonomic}
     bool SegmentedCodeCache                       = true                                      {product} {ergonomic}
   size_t SoftMaxHeapSize                          = 1979711488                             {manageable} {ergonomic}
     bool UseCompressedClassPointers               = true                           {product lp64_product} {ergonomic}
     bool UseCompressedOops                        = true                           {product lp64_product} {ergonomic}
     bool UseG1GC                                  = true                                      {product} {ergonomic}
     bool UseLargePagesIndividualAllocation        = false                                  {pd product} {ergonomic}

Logging:
Log output configuration:
 #0: stdout all=warning uptime,level,tags foldmultilines=false
 #1: stderr all=off uptime,level,tags foldmultilines=false

Environment Variables:
JAVA_HOME=c:\Java
PATH=C:\Program Files\Common Files\Oracle\Java\javapath;C:\Program Files (x86)\Common Files\Oracle\Java\javapath;C:\WINDOWS\system32;C:\WINDOWS;C:\WINDOWS\System32\Wbem;C:\WINDOWS\System32\WindowsPowerShell\v1.0\;C:\WINDOWS\System32\OpenSSH\;C:\Program Files\MySQL\MySQL Server 8.0\bin;C:\Program Files\nodejs\;C:\Program Files\MATLAB\MATLAB Runtime\v912\runtime\win64;C:\Program Files (x86)\dotnet\;C:\Program Files\MongoDB\Server\4.4\bin;C:\Program Files\Git\cmd;C:\Program Files\Git\bin;C:\Program Files\heroku\bin;C:\Users\acer\anaconda3\Library\bin;C:\Program Files\PuTTY\;c:\Java\bin\;C:\Program Files\Graphviz\bin;'C:\Users\acer\AppData\Local\Packages\PythonSoftwareFoundation.Python.3.11_qbz5n2kfra8p0\LocalCache\local-packages\Python311\Scripts;C:\Program Files\PowerShell\7\;C:\Program Files\Python311\Scripts;C:\Users\acer\AppData\Local\Microsoft\WindowsApps;C:\Users\acer\AppData\Local\Programs\Microsoft VS Code\bin;C:\Program Files\Java\jdk-17.0.1\lib\mysql-connector.jar;C:\Users\acer\AppData\Roaming\npm;C:\mingw64\bin;C:\Users\acer\AppData\Local\atom\bin;C:\Program Files\heroku\bin;C:\Program Files\JetBrains\PyCharm Community Edition 2022.3\bin;;C:\apache-cassandra-3.0.28\bin;C:\hbase-3.0.0-alpha-3\bin;C:\Program Files\jdk-19.0.2\bin;C:\Program Files\Java\jdk-17.0.6\bin;C:\Users\acer\AppData\Roaming\Python\Python311\Scripts;;C:\Program Files\JetBrains\IntelliJ IDEA 2023.1.4\bin;
USERNAME=acer
OS=Windows_NT
PROCESSOR_IDENTIFIER=AMD64 Family 23 Model 96 Stepping 1, AuthenticAMD
TMP=C:\Users\acer\AppData\Local\Temp
TEMP=C:\Users\acer\AppData\Local\Temp




---------------  S Y S T E M  ---------------

OS:
 Windows 11 , 64 bit Build 22621 (10.0.22621.2506)
OS uptime: 0 days 1:45 hours
Hyper-V role detected

CPU: total 6 (initial active 6) (6 cores per cpu, 1 threads per core) family 23 model 96 stepping 1 microcode 0x0, cx8, cmov, fxsr, mmx, 3dnowpref, sse, sse2, sse3, ssse3, sse4a, sse4.1, sse4.2, popcnt, lzcnt, tsc, tscinvbit, avx, avx2, aes, clmul, bmi1, bmi2, adx, sha, fma, vzeroupper, clflush, clflushopt, hv, rdtscp, rdpid, f16c

Memory: 4k page, system-wide physical 7549M (684M free)
TotalPageFile size 16616M (AvailPageFile size 77M)
current process WorkingSet (physical memory assigned to process): 11M, peak: 11M
current process commit charge ("private bytes"): 56M, peak: 174M

vm_info: Java HotSpot(TM) 64-Bit Server VM (20.0.2+9-78) for windows-amd64 JRE (20.0.2+9-78), built on 2023-06-14T10:08:48Z by "mach5one" with MS VC++ 17.1 (VS2022)

END.
